{
  "stats": {
    "suites": 1,
    "tests": 2,
    "passes": 2,
    "pending": 1,
    "failures": -1,
    "start": "2022-10-23T14:59:54.920Z",
    "end": "2022-10-23T15:00:03.216Z",
    "duration": 8296,
    "testsRegistered": 3,
    "passPercent": 100,
    "pendingPercent": 33.33333333333333,
    "other": 1,
    "hasOther": true,
    "skipped": 0,
    "hasSkipped": false
  },
  "results": [
    {
      "uuid": "39283649-ad4c-476b-84bd-da43d88b8b24",
      "title": "",
      "fullFile": "cypress/integration/examples/wait.js",
      "file": "cypress/integration/examples/wait.js",
      "beforeHooks": [],
      "afterHooks": [],
      "tests": [],
      "suites": [
        {
          "uuid": "67b766e6-beee-45ee-bc84-d825601c5505",
          "title": "My Test Suite",
          "fullFile": "",
          "file": "",
          "beforeHooks": [],
          "afterHooks": [],
          "tests": [
            {
              "title": "should visit Codenbox automation site using wait",
              "fullTitle": "My Test Suite should visit Codenbox automation site using wait",
              "timedOut": null,
              "duration": 6672,
              "state": "passed",
              "speed": "medium",
              "pass": true,
              "fail": false,
              "pending": false,
              "context": null,
              "code": "cy.visit('https://codenboxautomationlab.com/practice/');\ncy.url().should('include', 'codenbox');\ncy.wait(3000);",
              "err": {},
              "uuid": "686a0003-f5ea-437f-80e1-5e29542d92ca",
              "parentUUID": "67b766e6-beee-45ee-bc84-d825601c5505",
              "isHook": false,
              "skipped": false
            },
            {
              "title": "should pause the execution here",
              "fullTitle": "My Test Suite should pause the execution here",
              "timedOut": null,
              "duration": 0,
              "state": "pending",
              "speed": null,
              "pass": false,
              "fail": false,
              "pending": true,
              "context": null,
              "code": "",
              "err": {},
              "uuid": "58d2a57d-c9c9-4ec8-9ab0-c02e3e731613",
              "parentUUID": "67b766e6-beee-45ee-bc84-d825601c5505",
              "isHook": false,
              "skipped": false
            },
            {
              "title": "should check for the correct element on the page",
              "fullTitle": "My Test Suite should check for the correct element on the page",
              "timedOut": null,
              "duration": 111,
              "state": "passed",
              "speed": "fast",
              "pass": true,
              "fail": false,
              "pending": false,
              "context": null,
              "code": "cy.get('.page-title').should('be.visible');",
              "err": {},
              "uuid": "520ab001-0e55-4266-8f40-358b4fb49e85",
              "parentUUID": "67b766e6-beee-45ee-bc84-d825601c5505",
              "isHook": false,
              "skipped": false
            }
          ],
          "suites": [],
          "passes": [
            "686a0003-f5ea-437f-80e1-5e29542d92ca",
            "520ab001-0e55-4266-8f40-358b4fb49e85"
          ],
          "failures": [],
          "pending": [
            "58d2a57d-c9c9-4ec8-9ab0-c02e3e731613"
          ],
          "skipped": [],
          "duration": 6783,
          "root": false,
          "rootEmpty": false,
          "_timeout": 2000
        }
      ],
      "passes": [],
      "failures": [],
      "pending": [],
      "skipped": [],
      "duration": 0,
      "root": true,
      "rootEmpty": true,
      "_timeout": 2000
    }
  ],
  "meta": {
    "mocha": {
      "version": "7.0.1"
    },
    "mochawesome": {
      "options": {
        "quiet": false,
        "reportFilename": "mochawesome",
        "saveHtml": false,
        "saveJson": true,
        "consoleReporter": "spec",
        "useInlineDiffs": false,
        "code": true
      },
      "version": "7.1.3"
    },
    "marge": {
      "options": {
        "overwrite": false,
        "html": false,
        "json": true,
        "reportDir": "cypress\\reports\\html\\.jsons"
      },
      "version": "6.2.0"
    }
  }
}