{
  "stats": {
    "suites": 1,
    "tests": 2,
    "passes": 2,
    "pending": 0,
    "failures": 0,
    "start": "2022-10-23T14:59:41.298Z",
    "end": "2022-10-23T14:59:49.499Z",
    "duration": 8201,
    "testsRegistered": 2,
    "passPercent": 100,
    "pendingPercent": 0,
    "other": 0,
    "hasOther": false,
    "skipped": 0,
    "hasSkipped": false
  },
  "results": [
    {
      "uuid": "03232bea-6583-4eed-90d1-c5b15619f01a",
      "title": "",
      "fullFile": "cypress/integration/examples/text.js",
      "file": "cypress/integration/examples/text.js",
      "beforeHooks": [],
      "afterHooks": [],
      "tests": [],
      "suites": [
        {
          "uuid": "43424c1c-6893-4eb5-aa52-3908d1311c82",
          "title": "My Test Suite",
          "fullFile": "",
          "file": "",
          "beforeHooks": [],
          "afterHooks": [],
          "tests": [
            {
              "title": "should get text using text method option1",
              "fullTitle": "My Test Suite should get text using text method option1",
              "timedOut": null,
              "duration": 2992,
              "state": "passed",
              "speed": "fast",
              "pass": true,
              "fail": false,
              "pending": false,
              "context": null,
              "code": "cy.visit('https://codenboxautomationlab.com/practice/');\ncy.get('.page-title').invoke('text').then(text1 => {\n  expect(text1).to.eq('Automation Practice');\n});",
              "err": {},
              "uuid": "6d06a907-5a37-456b-aca3-f8310408c921",
              "parentUUID": "43424c1c-6893-4eb5-aa52-3908d1311c82",
              "isHook": false,
              "skipped": false
            },
            {
              "title": "should get text using text method option2",
              "fullTitle": "My Test Suite should get text using text method option2",
              "timedOut": null,
              "duration": 3080,
              "state": "passed",
              "speed": "fast",
              "pass": true,
              "fail": false,
              "pending": false,
              "context": null,
              "code": "cy.visit('https://codenboxautomationlab.com/practice/');\ncy.get('.page-title').then(function (text2) {\n  cy.log(text2.text());\n});",
              "err": {},
              "uuid": "c2b1f651-1f09-4619-a4ae-c9a326398934",
              "parentUUID": "43424c1c-6893-4eb5-aa52-3908d1311c82",
              "isHook": false,
              "skipped": false
            }
          ],
          "suites": [],
          "passes": [
            "6d06a907-5a37-456b-aca3-f8310408c921",
            "c2b1f651-1f09-4619-a4ae-c9a326398934"
          ],
          "failures": [],
          "pending": [],
          "skipped": [],
          "duration": 6072,
          "root": false,
          "rootEmpty": false,
          "_timeout": 2000
        }
      ],
      "passes": [],
      "failures": [],
      "pending": [],
      "skipped": [],
      "duration": 0,
      "root": true,
      "rootEmpty": true,
      "_timeout": 2000
    }
  ],
  "meta": {
    "mocha": {
      "version": "7.0.1"
    },
    "mochawesome": {
      "options": {
        "quiet": false,
        "reportFilename": "mochawesome",
        "saveHtml": false,
        "saveJson": true,
        "consoleReporter": "spec",
        "useInlineDiffs": false,
        "code": true
      },
      "version": "7.1.3"
    },
    "marge": {
      "options": {
        "overwrite": false,
        "html": false,
        "json": true,
        "reportDir": "cypress\\reports\\html\\.jsons"
      },
      "version": "6.2.0"
    }
  }
}