{
  "stats": {
    "suites": 1,
    "tests": 1,
    "passes": 0,
    "pending": 0,
    "failures": 1,
    "start": "2022-10-23T14:58:30.078Z",
    "end": "2022-10-23T14:58:40.647Z",
    "duration": 10569,
    "testsRegistered": 1,
    "passPercent": 0,
    "pendingPercent": 0,
    "other": 1,
    "hasOther": true,
    "skipped": 0,
    "hasSkipped": false
  },
  "results": [
    {
      "uuid": "0d54d61e-681c-4427-9f30-92c3fdbb6820",
      "title": "",
      "fullFile": "cypress/integration/examples/navigate.js",
      "file": "cypress/integration/examples/navigate.js",
      "beforeHooks": [],
      "afterHooks": [],
      "tests": [],
      "suites": [
        {
          "uuid": "e1e6b925-1f77-4368-806c-481cd06350a4",
          "title": "My Test Suite",
          "fullFile": "",
          "file": "",
          "beforeHooks": [],
          "afterHooks": [],
          "tests": [
            {
              "title": "should navigate back and forth",
              "fullTitle": "My Test Suite should navigate back and forth",
              "timedOut": null,
              "duration": 207,
              "state": "failed",
              "speed": null,
              "pass": false,
              "fail": true,
              "pending": false,
              "context": "{\n  \"title\": \"cypress-mochawesome-reporter-screenshots\",\n  \"value\": [\n    [\n      {\n        \"title\": \"Failed screenshot\",\n        \"value\": \"\\\\examples\\\\navigate.js\\\\My Test Suite -- should navigate back and forth (failed).png\"\n      },\n      {\n        \"title\": \"Failed screenshot\",\n        \"value\": \"\\\\examples\\\\navigate.js\\\\should navigate back and forth -- after each hook onFailed (failed).png\"\n      }\n    ]\n  ]\n}",
              "code": "cy.visit('https://codenboxautomationlab.com/');\ncy.contains('Selenium Automation').click({\n  force: true\n});\ncy.go('back'); //clicks on the back button\ncy.get('h3[aria-label=\"Write heading…\"] span').invoke('text').then(textOfElement => {\n  expect(textOfElement.trim()).to.eq('Welcome to CodenBox AutomationLab');\n  cy.go('forward'); //clicks on the forward button\n});",
              "err": {
                "message": "CypressError: `cy.task('failed')` failed with the following error:\n\nThe task 'failed' was not handled in the plugins file. The following tasks are registered: downloadFile\n\nFix this in your plugins file here:\nC:\\my-project\\automation\\CypressExample\\cypress\\plugins\\index.js\n\nhttps://on.cypress.io/api/task\n\nBecause this error occurred during a `after each` hook we are skipping all of the remaining tests.",
                "estack": "CypressError: `cy.task('failed')` failed with the following error:\n\nThe task 'failed' was not handled in the plugins file. The following tasks are registered: downloadFile\n\nFix this in your plugins file here:\nC:\\my-project\\automation\\CypressExample\\cypress\\plugins\\index.js\n\nhttps://on.cypress.io/api/task\n\nBecause this error occurred during a `after each` hook we are skipping all of the remaining tests.\n    at http://localhost:57977/__cypress/runner/cypress_runner.js:158936:80\n    at tryCatcher (http://localhost:57977/__cypress/runner/cypress_runner.js:13212:23)\n    at Promise._settlePromiseFromHandler (http://localhost:57977/__cypress/runner/cypress_runner.js:11147:31)\n    at Promise._settlePromise (http://localhost:57977/__cypress/runner/cypress_runner.js:11204:18)\n    at Promise._settlePromise0 (http://localhost:57977/__cypress/runner/cypress_runner.js:11249:10)\n    at Promise._settlePromises (http://localhost:57977/__cypress/runner/cypress_runner.js:11325:18)\n    at _drainQueueStep (http://localhost:57977/__cypress/runner/cypress_runner.js:7919:12)\n    at _drainQueue (http://localhost:57977/__cypress/runner/cypress_runner.js:7912:9)\n    at Async.../../node_modules/bluebird/js/release/async.js.Async._drainQueues (http://localhost:57977/__cypress/runner/cypress_runner.js:7928:5)\n    at Async.drainQueues (http://localhost:57977/__cypress/runner/cypress_runner.js:7798:14)\nFrom Your Spec Code:\n    at Context.onFailed (http://localhost:57977/__cypress/tests?p=cypress\\support\\index.js:2789:6)",
                "diff": null
              },
              "uuid": "5208ad73-098b-4454-a95e-1caa111aa160",
              "parentUUID": "e1e6b925-1f77-4368-806c-481cd06350a4",
              "isHook": false,
              "skipped": false
            }
          ],
          "suites": [],
          "passes": [],
          "failures": [
            "5208ad73-098b-4454-a95e-1caa111aa160"
          ],
          "pending": [],
          "skipped": [],
          "duration": 207,
          "root": false,
          "rootEmpty": false,
          "_timeout": 2000
        }
      ],
      "passes": [],
      "failures": [],
      "pending": [],
      "skipped": [],
      "duration": 0,
      "root": true,
      "rootEmpty": true,
      "_timeout": 2000
    }
  ],
  "meta": {
    "mocha": {
      "version": "7.0.1"
    },
    "mochawesome": {
      "options": {
        "quiet": false,
        "reportFilename": "mochawesome",
        "saveHtml": false,
        "saveJson": true,
        "consoleReporter": "spec",
        "useInlineDiffs": false,
        "code": true
      },
      "version": "7.1.3"
    },
    "marge": {
      "options": {
        "overwrite": false,
        "html": false,
        "json": true,
        "reportDir": "cypress\\reports\\html\\.jsons"
      },
      "version": "6.2.0"
    }
  }
}