{
  "stats": {
    "suites": 1,
    "tests": 2,
    "passes": 2,
    "pending": 1,
    "failures": -1,
    "start": "2022-10-23T14:34:38.715Z",
    "end": "2022-10-23T14:34:47.857Z",
    "duration": 9142,
    "testsRegistered": 3,
    "passPercent": 100,
    "pendingPercent": 33.33333333333333,
    "other": 1,
    "hasOther": true,
    "skipped": 0,
    "hasSkipped": false
  },
  "results": [
    {
      "uuid": "babb562c-d629-4eaa-8ff1-91bed04f9622",
      "title": "",
      "fullFile": "cypress/integration/examples/wait.js",
      "file": "cypress/integration/examples/wait.js",
      "beforeHooks": [],
      "afterHooks": [],
      "tests": [],
      "suites": [
        {
          "uuid": "b175076b-9202-4675-b3f5-f41dfeb3bcd9",
          "title": "My Test Suite",
          "fullFile": "",
          "file": "",
          "beforeHooks": [],
          "afterHooks": [],
          "tests": [
            {
              "title": "should visit Codenbox automation site using wait",
              "fullTitle": "My Test Suite should visit Codenbox automation site using wait",
              "timedOut": null,
              "duration": 7401,
              "state": "passed",
              "speed": "medium",
              "pass": true,
              "fail": false,
              "pending": false,
              "context": null,
              "code": "cy.visit('https://codenboxautomationlab.com/practice/');\ncy.url().should('include', 'codenbox');\ncy.wait(3000);",
              "err": {},
              "uuid": "8a8e0329-db94-4b21-adda-68433cd9feae",
              "parentUUID": "b175076b-9202-4675-b3f5-f41dfeb3bcd9",
              "isHook": false,
              "skipped": false
            },
            {
              "title": "should pause the execution here",
              "fullTitle": "My Test Suite should pause the execution here",
              "timedOut": null,
              "duration": 0,
              "state": "pending",
              "speed": null,
              "pass": false,
              "fail": false,
              "pending": true,
              "context": null,
              "code": "",
              "err": {},
              "uuid": "5fbb3e99-0c19-456b-80e5-59ffa3e77fc2",
              "parentUUID": "b175076b-9202-4675-b3f5-f41dfeb3bcd9",
              "isHook": false,
              "skipped": false
            },
            {
              "title": "should check for the correct element on the page",
              "fullTitle": "My Test Suite should check for the correct element on the page",
              "timedOut": null,
              "duration": 102,
              "state": "passed",
              "speed": "fast",
              "pass": true,
              "fail": false,
              "pending": false,
              "context": null,
              "code": "cy.get('.page-title').should('be.visible');",
              "err": {},
              "uuid": "30b4c4fc-15e6-4171-a929-53d6165f1052",
              "parentUUID": "b175076b-9202-4675-b3f5-f41dfeb3bcd9",
              "isHook": false,
              "skipped": false
            }
          ],
          "suites": [],
          "passes": [
            "8a8e0329-db94-4b21-adda-68433cd9feae",
            "30b4c4fc-15e6-4171-a929-53d6165f1052"
          ],
          "failures": [],
          "pending": [
            "5fbb3e99-0c19-456b-80e5-59ffa3e77fc2"
          ],
          "skipped": [],
          "duration": 7503,
          "root": false,
          "rootEmpty": false,
          "_timeout": 2000
        }
      ],
      "passes": [],
      "failures": [],
      "pending": [],
      "skipped": [],
      "duration": 0,
      "root": true,
      "rootEmpty": true,
      "_timeout": 2000
    }
  ],
  "meta": {
    "mocha": {
      "version": "7.0.1"
    },
    "mochawesome": {
      "options": {
        "quiet": false,
        "reportFilename": "mochawesome",
        "saveHtml": false,
        "saveJson": true,
        "consoleReporter": "spec",
        "useInlineDiffs": false,
        "code": true
      },
      "version": "7.1.3"
    },
    "marge": {
      "options": {
        "overwrite": false,
        "html": false,
        "json": true,
        "reportDir": "cypress\\reports\\html\\.jsons"
      },
      "version": "6.2.0"
    }
  }
}