{
  "stats": {
    "suites": 1,
    "tests": 1,
    "passes": 1,
    "pending": 0,
    "failures": 0,
    "start": "2022-10-23T14:59:28.769Z",
    "end": "2022-10-23T14:59:34.572Z",
    "duration": 5803,
    "testsRegistered": 1,
    "passPercent": 100,
    "pendingPercent": 0,
    "other": 0,
    "hasOther": false,
    "skipped": 0,
    "hasSkipped": false
  },
  "results": [
    {
      "uuid": "77ad9642-27b8-46d4-a825-a58a9d62815c",
      "title": "",
      "fullFile": "cypress/integration/examples/test1.js",
      "file": "cypress/integration/examples/test1.js",
      "beforeHooks": [],
      "afterHooks": [],
      "tests": [],
      "suites": [
        {
          "uuid": "bf989a2b-9dc6-4727-b3d0-69a0f2e4a17d",
          "title": "My Test Suite",
          "fullFile": "",
          "file": "",
          "beforeHooks": [],
          "afterHooks": [],
          "tests": [
            {
              "title": "should visit Codenbox automation site",
              "fullTitle": "My Test Suite should visit Codenbox automation site",
              "timedOut": null,
              "duration": 4308,
              "state": "passed",
              "speed": "fast",
              "pass": true,
              "fail": false,
              "pending": false,
              "context": null,
              "code": "cy.visit('https://codenboxautomationlab.com/practice/');\ncy.url().should('include', '/practice/');\ncy.get('input[value=\"radio2\"]').check().should('be.checked');\ncy.get('#search-2 > #searchform > .search-input').type('automation').should('have.value', 'automation');",
              "err": {},
              "uuid": "d5c2000b-5d98-44cf-b919-50cbc7301984",
              "parentUUID": "bf989a2b-9dc6-4727-b3d0-69a0f2e4a17d",
              "isHook": false,
              "skipped": false
            }
          ],
          "suites": [],
          "passes": [
            "d5c2000b-5d98-44cf-b919-50cbc7301984"
          ],
          "failures": [],
          "pending": [],
          "skipped": [],
          "duration": 4308,
          "root": false,
          "rootEmpty": false,
          "_timeout": 2000
        }
      ],
      "passes": [],
      "failures": [],
      "pending": [],
      "skipped": [],
      "duration": 0,
      "root": true,
      "rootEmpty": true,
      "_timeout": 2000
    }
  ],
  "meta": {
    "mocha": {
      "version": "7.0.1"
    },
    "mochawesome": {
      "options": {
        "quiet": false,
        "reportFilename": "mochawesome",
        "saveHtml": false,
        "saveJson": true,
        "consoleReporter": "spec",
        "useInlineDiffs": false,
        "code": true
      },
      "version": "7.1.3"
    },
    "marge": {
      "options": {
        "overwrite": false,
        "html": false,
        "json": true,
        "reportDir": "cypress\\reports\\html\\.jsons"
      },
      "version": "6.2.0"
    }
  }
}