{
  "stats": {
    "suites": 1,
    "tests": 1,
    "passes": 1,
    "pending": 0,
    "failures": 0,
    "start": "2022-10-23T15:53:10.889Z",
    "end": "2022-10-23T15:53:23.959Z",
    "duration": 13070,
    "testsRegistered": 1,
    "passPercent": 100,
    "pendingPercent": 0,
    "other": 0,
    "hasOther": false,
    "skipped": 0,
    "hasSkipped": false
  },
  "results": [
    {
      "uuid": "9f97b9ec-2c5a-4cf4-a03f-12f6ff970d58",
      "title": "",
      "fullFile": "cypress/integration/examples/inheritance_spec.js",
      "file": "cypress/integration/examples/inheritance_spec.js",
      "beforeHooks": [],
      "afterHooks": [],
      "tests": [],
      "suites": [
        {
          "uuid": "1cf442cb-f9de-4905-8adb-f5fad4b4f491",
          "title": "inheritance between classes",
          "fullFile": "",
          "file": "",
          "beforeHooks": [],
          "afterHooks": [],
          "tests": [
            {
              "title": "should scroll down and up in home page",
              "fullTitle": "inheritance between classes should scroll down and up in home page",
              "timedOut": null,
              "duration": 11203,
              "state": "passed",
              "speed": "slow",
              "pass": true,
              "fail": false,
              "pending": false,
              "context": null,
              "code": "HomePage.scrollToBottom();\nHomePage.wait(3000);\nHomePage.scrollToUp();\nHomePage.wait(3000);",
              "err": {},
              "uuid": "bfa2a35b-ed27-4a28-a760-405cf28ccb11",
              "parentUUID": "1cf442cb-f9de-4905-8adb-f5fad4b4f491",
              "isHook": false,
              "skipped": false
            }
          ],
          "suites": [],
          "passes": [
            "bfa2a35b-ed27-4a28-a760-405cf28ccb11"
          ],
          "failures": [],
          "pending": [],
          "skipped": [],
          "duration": 11203,
          "root": false,
          "rootEmpty": false,
          "_timeout": 2000
        }
      ],
      "passes": [],
      "failures": [],
      "pending": [],
      "skipped": [],
      "duration": 0,
      "root": true,
      "rootEmpty": true,
      "_timeout": 2000
    }
  ],
  "meta": {
    "mocha": {
      "version": "7.0.1"
    },
    "mochawesome": {
      "options": {
        "quiet": false,
        "reportFilename": "mochawesome",
        "saveHtml": false,
        "saveJson": true,
        "consoleReporter": "spec",
        "useInlineDiffs": false,
        "code": true
      },
      "version": "7.1.3"
    },
    "marge": {
      "options": {
        "overwrite": false,
        "html": false,
        "json": true,
        "reportDir": "cypress\\reports\\html\\.jsons"
      },
      "version": "6.2.0"
    }
  }
}