{
  "stats": {
    "suites": 1,
    "tests": 3,
    "passes": 3,
    "pending": 0,
    "failures": 0,
    "start": "2022-10-23T14:59:09.929Z",
    "end": "2022-10-23T14:59:13.222Z",
    "duration": 3293,
    "testsRegistered": 3,
    "passPercent": 100,
    "pendingPercent": 0,
    "other": 0,
    "hasOther": false,
    "skipped": 0,
    "hasSkipped": false
  },
  "results": [
    {
      "uuid": "b6c363c2-0af8-44a1-b049-3558e6d48ecd",
      "title": "",
      "fullFile": "cypress/integration/examples/readWrite_spec.js",
      "file": "cypress/integration/examples/readWrite_spec.js",
      "beforeHooks": [],
      "afterHooks": [],
      "tests": [],
      "suites": [
        {
          "uuid": "578a339d-f057-40d2-9ca7-b51f10543a3d",
          "title": "My Write & Read  Test Suite",
          "fullFile": "",
          "file": "",
          "beforeHooks": [],
          "afterHooks": [],
          "tests": [
            {
              "title": "should write to a file",
              "fullTitle": "My Write & Read  Test Suite should write to a file",
              "timedOut": null,
              "duration": 48,
              "state": "passed",
              "speed": "fast",
              "pass": true,
              "fail": false,
              "pending": false,
              "context": null,
              "code": "//create a text file and write\ncy.writeFile('simpleFile.txt', 'hello world\\n');\ncy.writeFile('simpleFile.txt', 'this is my simpleFile', {\n  flag: 'a+'\n}); //create a json file in the fixtures folder and write to it\ncy.writeFile('cypress\\\\fixtures\\\\example.json', {\n  name: 'Kim',\n  email: 'kim@example.com',\n  password: 'password123456'\n});",
              "err": {},
              "uuid": "d3141cdc-7b16-49d4-8e8f-db7f2db35a3f",
              "parentUUID": "578a339d-f057-40d2-9ca7-b51f10543a3d",
              "isHook": false,
              "skipped": false
            },
            {
              "title": "should read from a file",
              "fullTitle": "My Write & Read  Test Suite should read from a file",
              "timedOut": null,
              "duration": 42,
              "state": "passed",
              "speed": "fast",
              "pass": true,
              "fail": false,
              "pending": false,
              "context": null,
              "code": "//read a text file\ncy.readFile('simpleFile.txt').should('exist').and('contains', 'simpleFile'); //read a json file from the fixtures folder\n//steps: load fixture file (pass in the file name only)\ncy.fixture('example').then(profile => {\n  expect(profile.name).to.eq('Kim');\n});",
              "err": {},
              "uuid": "1a057d49-2010-4a45-834d-3a6161f8ef99",
              "parentUUID": "578a339d-f057-40d2-9ca7-b51f10543a3d",
              "isHook": false,
              "skipped": false
            },
            {
              "title": "should pass data from fixtures folder to a login form",
              "fullTitle": "My Write & Read  Test Suite should pass data from fixtures folder to a login form",
              "timedOut": null,
              "duration": 1516,
              "state": "passed",
              "speed": "fast",
              "pass": true,
              "fail": false,
              "pending": false,
              "context": null,
              "code": "cy.visit('https://login.salesforce.com/?locale=ca');\ncy.fixture('example').then(profile => {\n  cy.get('#username').type(profile.email);\n  cy.get('#password').type(profile.password);\n});",
              "err": {},
              "uuid": "4bba0728-8bdd-4dbc-838f-84f68a0291fd",
              "parentUUID": "578a339d-f057-40d2-9ca7-b51f10543a3d",
              "isHook": false,
              "skipped": false
            }
          ],
          "suites": [],
          "passes": [
            "d3141cdc-7b16-49d4-8e8f-db7f2db35a3f",
            "1a057d49-2010-4a45-834d-3a6161f8ef99",
            "4bba0728-8bdd-4dbc-838f-84f68a0291fd"
          ],
          "failures": [],
          "pending": [],
          "skipped": [],
          "duration": 1606,
          "root": false,
          "rootEmpty": false,
          "_timeout": 2000
        }
      ],
      "passes": [],
      "failures": [],
      "pending": [],
      "skipped": [],
      "duration": 0,
      "root": true,
      "rootEmpty": true,
      "_timeout": 2000
    }
  ],
  "meta": {
    "mocha": {
      "version": "7.0.1"
    },
    "mochawesome": {
      "options": {
        "quiet": false,
        "reportFilename": "mochawesome",
        "saveHtml": false,
        "saveJson": true,
        "consoleReporter": "spec",
        "useInlineDiffs": false,
        "code": true
      },
      "version": "7.1.3"
    },
    "marge": {
      "options": {
        "overwrite": false,
        "html": false,
        "json": true,
        "reportDir": "cypress\\reports\\html\\.jsons"
      },
      "version": "6.2.0"
    }
  }
}