{
  "stats": {
    "suites": 1,
    "tests": 3,
    "passes": 3,
    "pending": 0,
    "failures": 0,
    "start": "2022-10-23T14:33:34.636Z",
    "end": "2022-10-23T14:33:38.808Z",
    "duration": 4172,
    "testsRegistered": 3,
    "passPercent": 100,
    "pendingPercent": 0,
    "other": 0,
    "hasOther": false,
    "skipped": 0,
    "hasSkipped": false
  },
  "results": [
    {
      "uuid": "92ccbeb3-8bca-4ab6-b1be-71f47f69c345",
      "title": "",
      "fullFile": "cypress/integration/examples/readWrite_spec.js",
      "file": "cypress/integration/examples/readWrite_spec.js",
      "beforeHooks": [],
      "afterHooks": [],
      "tests": [],
      "suites": [
        {
          "uuid": "89adeae1-9fb2-4ac3-b603-920a3671ea36",
          "title": "My Write & Read  Test Suite",
          "fullFile": "",
          "file": "",
          "beforeHooks": [],
          "afterHooks": [],
          "tests": [
            {
              "title": "should write to a file",
              "fullTitle": "My Write & Read  Test Suite should write to a file",
              "timedOut": null,
              "duration": 55,
              "state": "passed",
              "speed": "fast",
              "pass": true,
              "fail": false,
              "pending": false,
              "context": null,
              "code": "//create a text file and write\ncy.writeFile('simpleFile.txt', 'hello world\\n');\ncy.writeFile('simpleFile.txt', 'this is my simpleFile', {\n  flag: 'a+'\n}); //create a json file in the fixtures folder and write to it\ncy.writeFile('cypress\\\\fixtures\\\\example.json', {\n  name: 'Kim',\n  email: 'kim@example.com',\n  password: 'password123456'\n});",
              "err": {},
              "uuid": "3241e1a0-f144-4d59-a8dc-db381627d6a6",
              "parentUUID": "89adeae1-9fb2-4ac3-b603-920a3671ea36",
              "isHook": false,
              "skipped": false
            },
            {
              "title": "should read from a file",
              "fullTitle": "My Write & Read  Test Suite should read from a file",
              "timedOut": null,
              "duration": 55,
              "state": "passed",
              "speed": "fast",
              "pass": true,
              "fail": false,
              "pending": false,
              "context": null,
              "code": "//read a text file\ncy.readFile('simpleFile.txt').should('exist').and('contains', 'simpleFile'); //read a json file from the fixtures folder\n//steps: load fixture file (pass in the file name only)\ncy.fixture('example').then(profile => {\n  expect(profile.name).to.eq('Kim');\n});",
              "err": {},
              "uuid": "0cada9d5-4c00-4a17-8587-1d623953bb71",
              "parentUUID": "89adeae1-9fb2-4ac3-b603-920a3671ea36",
              "isHook": false,
              "skipped": false
            },
            {
              "title": "should pass data from fixtures folder to a login form",
              "fullTitle": "My Write & Read  Test Suite should pass data from fixtures folder to a login form",
              "timedOut": null,
              "duration": 1821,
              "state": "passed",
              "speed": "fast",
              "pass": true,
              "fail": false,
              "pending": false,
              "context": null,
              "code": "cy.visit('https://login.salesforce.com/?locale=ca');\ncy.fixture('example').then(profile => {\n  cy.get('#username').type(profile.email);\n  cy.get('#password').type(profile.password);\n});",
              "err": {},
              "uuid": "7f6a7d6b-9dbf-4321-8573-53b5ed78e6d0",
              "parentUUID": "89adeae1-9fb2-4ac3-b603-920a3671ea36",
              "isHook": false,
              "skipped": false
            }
          ],
          "suites": [],
          "passes": [
            "3241e1a0-f144-4d59-a8dc-db381627d6a6",
            "0cada9d5-4c00-4a17-8587-1d623953bb71",
            "7f6a7d6b-9dbf-4321-8573-53b5ed78e6d0"
          ],
          "failures": [],
          "pending": [],
          "skipped": [],
          "duration": 1931,
          "root": false,
          "rootEmpty": false,
          "_timeout": 2000
        }
      ],
      "passes": [],
      "failures": [],
      "pending": [],
      "skipped": [],
      "duration": 0,
      "root": true,
      "rootEmpty": true,
      "_timeout": 2000
    }
  ],
  "meta": {
    "mocha": {
      "version": "7.0.1"
    },
    "mochawesome": {
      "options": {
        "quiet": false,
        "reportFilename": "mochawesome",
        "saveHtml": false,
        "saveJson": true,
        "consoleReporter": "spec",
        "useInlineDiffs": false,
        "code": true
      },
      "version": "7.1.3"
    },
    "marge": {
      "options": {
        "overwrite": false,
        "html": false,
        "json": true,
        "reportDir": "cypress\\reports\\html\\.jsons"
      },
      "version": "6.2.0"
    }
  }
}