{
  "stats": {
    "suites": 1,
    "tests": 3,
    "passes": 3,
    "pending": 0,
    "failures": 0,
    "start": "2022-10-23T15:54:18.168Z",
    "end": "2022-10-23T15:54:21.438Z",
    "duration": 3270,
    "testsRegistered": 3,
    "passPercent": 100,
    "pendingPercent": 0,
    "other": 0,
    "hasOther": false,
    "skipped": 0,
    "hasSkipped": false
  },
  "results": [
    {
      "uuid": "a9c2f1f6-51ec-4f08-9261-7036a410a78b",
      "title": "",
      "fullFile": "cypress/integration/examples/readWrite_spec.js",
      "file": "cypress/integration/examples/readWrite_spec.js",
      "beforeHooks": [],
      "afterHooks": [],
      "tests": [],
      "suites": [
        {
          "uuid": "f46a22d8-127a-4d0a-8639-68f778fa75b3",
          "title": "My Write & Read  Test Suite",
          "fullFile": "",
          "file": "",
          "beforeHooks": [],
          "afterHooks": [],
          "tests": [
            {
              "title": "should write to a file",
              "fullTitle": "My Write & Read  Test Suite should write to a file",
              "timedOut": null,
              "duration": 55,
              "state": "passed",
              "speed": "fast",
              "pass": true,
              "fail": false,
              "pending": false,
              "context": null,
              "code": "//create a text file and write\ncy.writeFile('simpleFile.txt', 'hello world\\n');\ncy.writeFile('simpleFile.txt', 'this is my simpleFile', {\n  flag: 'a+'\n}); //create a json file in the fixtures folder and write to it\ncy.writeFile('cypress\\\\fixtures\\\\example.json', {\n  name: 'Kim',\n  email: 'kim@example.com',\n  password: 'password123456'\n});",
              "err": {},
              "uuid": "412b2d8a-7553-4e56-b2b9-43a183fd5554",
              "parentUUID": "f46a22d8-127a-4d0a-8639-68f778fa75b3",
              "isHook": false,
              "skipped": false
            },
            {
              "title": "should read from a file",
              "fullTitle": "My Write & Read  Test Suite should read from a file",
              "timedOut": null,
              "duration": 45,
              "state": "passed",
              "speed": "fast",
              "pass": true,
              "fail": false,
              "pending": false,
              "context": null,
              "code": "//read a text file\ncy.readFile('simpleFile.txt').should('exist').and('contains', 'simpleFile'); //read a json file from the fixtures folder\n//steps: load fixture file (pass in the file name only)\ncy.fixture('example').then(profile => {\n  expect(profile.name).to.eq('Kim');\n});",
              "err": {},
              "uuid": "3d64f2b7-7aac-4c5e-8b9a-c08e62841c5b",
              "parentUUID": "f46a22d8-127a-4d0a-8639-68f778fa75b3",
              "isHook": false,
              "skipped": false
            },
            {
              "title": "should pass data from fixtures folder to a login form",
              "fullTitle": "My Write & Read  Test Suite should pass data from fixtures folder to a login form",
              "timedOut": null,
              "duration": 1518,
              "state": "passed",
              "speed": "fast",
              "pass": true,
              "fail": false,
              "pending": false,
              "context": null,
              "code": "cy.visit('https://login.salesforce.com/?locale=ca');\ncy.fixture('example').then(profile => {\n  cy.get('#username').type(profile.email);\n  cy.get('#password').type(profile.password);\n});",
              "err": {},
              "uuid": "0963e37d-edee-4c18-b70d-c88aa64c5c39",
              "parentUUID": "f46a22d8-127a-4d0a-8639-68f778fa75b3",
              "isHook": false,
              "skipped": false
            }
          ],
          "suites": [],
          "passes": [
            "412b2d8a-7553-4e56-b2b9-43a183fd5554",
            "3d64f2b7-7aac-4c5e-8b9a-c08e62841c5b",
            "0963e37d-edee-4c18-b70d-c88aa64c5c39"
          ],
          "failures": [],
          "pending": [],
          "skipped": [],
          "duration": 1618,
          "root": false,
          "rootEmpty": false,
          "_timeout": 2000
        }
      ],
      "passes": [],
      "failures": [],
      "pending": [],
      "skipped": [],
      "duration": 0,
      "root": true,
      "rootEmpty": true,
      "_timeout": 2000
    }
  ],
  "meta": {
    "mocha": {
      "version": "7.0.1"
    },
    "mochawesome": {
      "options": {
        "quiet": false,
        "reportFilename": "mochawesome",
        "saveHtml": false,
        "saveJson": true,
        "consoleReporter": "spec",
        "useInlineDiffs": false,
        "code": true
      },
      "version": "7.1.3"
    },
    "marge": {
      "options": {
        "overwrite": false,
        "html": false,
        "json": true,
        "reportDir": "cypress\\reports\\html\\.jsons"
      },
      "version": "6.2.0"
    }
  }
}