{
  "stats": {
    "suites": 1,
    "tests": 3,
    "passes": 3,
    "pending": 0,
    "failures": 0,
    "start": "2022-10-23T14:33:45.352Z",
    "end": "2022-10-23T14:34:01.548Z",
    "duration": 16196,
    "testsRegistered": 3,
    "passPercent": 100,
    "pendingPercent": 0,
    "other": 0,
    "hasOther": false,
    "skipped": 0,
    "hasSkipped": false
  },
  "results": [
    {
      "uuid": "57d9f57d-e1c6-4478-af0c-9fcdd94ec3be",
      "title": "",
      "fullFile": "cypress/integration/examples/table_spec.js",
      "file": "cypress/integration/examples/table_spec.js",
      "beforeHooks": [],
      "afterHooks": [],
      "tests": [],
      "suites": [
        {
          "uuid": "597301f0-3c7e-4116-a2e4-d0363b0c4fe7",
          "title": "My Test Suite",
          "fullFile": "",
          "file": "",
          "beforeHooks": [],
          "afterHooks": [],
          "tests": [
            {
              "title": "should visit Codenbox automation site",
              "fullTitle": "My Test Suite should visit Codenbox automation site",
              "timedOut": null,
              "duration": 4402,
              "state": "passed",
              "speed": "fast",
              "pass": true,
              "fail": false,
              "pending": false,
              "context": null,
              "code": "cy.visit('http://codenboxautomationlab.com/practice'); //should check for correct url\ncy.url().should('include', 'codenbox');\ncy.waitFor(3000);",
              "err": {},
              "uuid": "d2eea362-d452-407d-b7fd-d7cc4cac28f7",
              "parentUUID": "597301f0-3c7e-4116-a2e4-d0363b0c4fe7",
              "isHook": false,
              "skipped": false
            },
            {
              "title": "should verify value from anywhere within the table",
              "fullTitle": "My Test Suite should verify value from anywhere within the table",
              "timedOut": null,
              "duration": 1432,
              "state": "passed",
              "speed": "fast",
              "pass": true,
              "fail": false,
              "pending": false,
              "context": null,
              "code": "cy.get('table >tbody >tr').contains('td', 'Appium').should('be.visible');",
              "err": {},
              "uuid": "69cbf689-70ca-4b0a-803e-fb9eac5164c3",
              "parentUUID": "597301f0-3c7e-4116-a2e4-d0363b0c4fe7",
              "isHook": false,
              "skipped": false
            },
            {
              "title": "should check conditional logic in the table",
              "fullTitle": "My Test Suite should check conditional logic in the table",
              "timedOut": null,
              "duration": 330,
              "state": "passed",
              "speed": "fast",
              "pass": true,
              "fail": false,
              "pending": false,
              "context": null,
              "code": "cy.get('table >tbody >tr  td:nth-child(2)').each(($el, index, $list) => {\n  let text = $el.text();\n  if (text.includes('WebServices')) {\n    cy.get('table >tbody >tr  td:nth-child(3)').eq(index).then(function (price) {\n      let actualPrice = price.text();\n      expect(actualPrice.trim()).to.equal('30');\n    });\n  }\n});",
              "err": {},
              "uuid": "1deaab06-23b1-48b6-a2ed-3b886a6ad2c3",
              "parentUUID": "597301f0-3c7e-4116-a2e4-d0363b0c4fe7",
              "isHook": false,
              "skipped": false
            }
          ],
          "suites": [],
          "passes": [
            "d2eea362-d452-407d-b7fd-d7cc4cac28f7",
            "69cbf689-70ca-4b0a-803e-fb9eac5164c3",
            "1deaab06-23b1-48b6-a2ed-3b886a6ad2c3"
          ],
          "failures": [],
          "pending": [],
          "skipped": [],
          "duration": 6164,
          "root": false,
          "rootEmpty": false,
          "_timeout": 2000
        }
      ],
      "passes": [],
      "failures": [],
      "pending": [],
      "skipped": [],
      "duration": 0,
      "root": true,
      "rootEmpty": true,
      "_timeout": 2000
    }
  ],
  "meta": {
    "mocha": {
      "version": "7.0.1"
    },
    "mochawesome": {
      "options": {
        "quiet": false,
        "reportFilename": "mochawesome",
        "saveHtml": false,
        "saveJson": true,
        "consoleReporter": "spec",
        "useInlineDiffs": false,
        "code": true
      },
      "version": "7.1.3"
    },
    "marge": {
      "options": {
        "overwrite": false,
        "html": false,
        "json": true,
        "reportDir": "cypress\\reports\\html\\.jsons"
      },
      "version": "6.2.0"
    }
  }
}