{
  "stats": {
    "suites": 1,
    "tests": 1,
    "passes": 1,
    "pending": 0,
    "failures": 0,
    "start": "2022-10-23T14:57:14.321Z",
    "end": "2022-10-23T14:57:17.733Z",
    "duration": 3412,
    "testsRegistered": 1,
    "passPercent": 100,
    "pendingPercent": 0,
    "other": 0,
    "hasOther": false,
    "skipped": 0,
    "hasSkipped": false
  },
  "results": [
    {
      "uuid": "92189b84-fc73-48a3-8a8f-f25220038bf9",
      "title": "",
      "fullFile": "cypress/integration/examples/commands_spec.js",
      "file": "cypress/integration/examples/commands_spec.js",
      "beforeHooks": [],
      "afterHooks": [],
      "tests": [],
      "suites": [
        {
          "uuid": "99f37e2a-9fea-4e09-b1e8-fbf31a8ccce0",
          "title": "My Test Suite",
          "fullFile": "",
          "file": "",
          "beforeHooks": [],
          "afterHooks": [],
          "tests": [
            {
              "title": "should login to the application using custom command",
              "fullTitle": "My Test Suite should login to the application using custom command",
              "timedOut": null,
              "duration": 1635,
              "state": "passed",
              "speed": "fast",
              "pass": true,
              "fail": false,
              "pending": false,
              "context": null,
              "code": "cy.visit('https://codenboxautomationlab.com/wp-login.php'); // invalid login\ncy.login('noName', '123456');\ncy.get('#login_error').should('contain', 'Error');",
              "err": {},
              "uuid": "683f6a8d-489f-4f2f-afc1-d493e763b832",
              "parentUUID": "99f37e2a-9fea-4e09-b1e8-fbf31a8ccce0",
              "isHook": false,
              "skipped": false
            }
          ],
          "suites": [],
          "passes": [
            "683f6a8d-489f-4f2f-afc1-d493e763b832"
          ],
          "failures": [],
          "pending": [],
          "skipped": [],
          "duration": 1635,
          "root": false,
          "rootEmpty": false,
          "_timeout": 2000
        }
      ],
      "passes": [],
      "failures": [],
      "pending": [],
      "skipped": [],
      "duration": 0,
      "root": true,
      "rootEmpty": true,
      "_timeout": 2000
    }
  ],
  "meta": {
    "mocha": {
      "version": "7.0.1"
    },
    "mochawesome": {
      "options": {
        "quiet": false,
        "reportFilename": "mochawesome",
        "saveHtml": false,
        "saveJson": true,
        "consoleReporter": "spec",
        "useInlineDiffs": false,
        "code": true
      },
      "version": "7.1.3"
    },
    "marge": {
      "options": {
        "overwrite": false,
        "html": false,
        "json": true,
        "reportDir": "cypress\\reports\\html\\.jsons"
      },
      "version": "6.2.0"
    }
  }
}