{
  "stats": {
    "suites": 1,
    "tests": 3,
    "passes": 3,
    "pending": 0,
    "failures": 0,
    "start": "2022-10-23T14:59:18.274Z",
    "end": "2022-10-23T14:59:23.933Z",
    "duration": 5659,
    "testsRegistered": 3,
    "passPercent": 100,
    "pendingPercent": 0,
    "other": 0,
    "hasOther": false,
    "skipped": 0,
    "hasSkipped": false
  },
  "results": [
    {
      "uuid": "7dfdbb06-f521-4898-b238-e3e9d76443b7",
      "title": "",
      "fullFile": "cypress/integration/examples/table_spec.js",
      "file": "cypress/integration/examples/table_spec.js",
      "beforeHooks": [],
      "afterHooks": [],
      "tests": [],
      "suites": [
        {
          "uuid": "584598aa-4077-4f87-b3a5-e313ca5b57da",
          "title": "My Test Suite",
          "fullFile": "",
          "file": "",
          "beforeHooks": [],
          "afterHooks": [],
          "tests": [
            {
              "title": "should visit Codenbox automation site",
              "fullTitle": "My Test Suite should visit Codenbox automation site",
              "timedOut": null,
              "duration": 3369,
              "state": "passed",
              "speed": "fast",
              "pass": true,
              "fail": false,
              "pending": false,
              "context": null,
              "code": "cy.visit('http://codenboxautomationlab.com/practice'); //should check for correct url\ncy.url().should('include', 'codenbox');\ncy.waitFor(3000);",
              "err": {},
              "uuid": "ac38c342-7854-4460-844d-2952806ff033",
              "parentUUID": "584598aa-4077-4f87-b3a5-e313ca5b57da",
              "isHook": false,
              "skipped": false
            },
            {
              "title": "should verify value from anywhere within the table",
              "fullTitle": "My Test Suite should verify value from anywhere within the table",
              "timedOut": null,
              "duration": 181,
              "state": "passed",
              "speed": "fast",
              "pass": true,
              "fail": false,
              "pending": false,
              "context": null,
              "code": "cy.get('table >tbody >tr').contains('td', 'Appium').should('be.visible');",
              "err": {},
              "uuid": "e96edbb9-411b-4d90-8d77-9120aee3b4eb",
              "parentUUID": "584598aa-4077-4f87-b3a5-e313ca5b57da",
              "isHook": false,
              "skipped": false
            },
            {
              "title": "should check conditional logic in the table",
              "fullTitle": "My Test Suite should check conditional logic in the table",
              "timedOut": null,
              "duration": 146,
              "state": "passed",
              "speed": "fast",
              "pass": true,
              "fail": false,
              "pending": false,
              "context": null,
              "code": "cy.get('table >tbody >tr  td:nth-child(2)').each(($el, index, $list) => {\n  let text = $el.text();\n  if (text.includes('WebServices')) {\n    cy.get('table >tbody >tr  td:nth-child(3)').eq(index).then(function (price) {\n      let actualPrice = price.text();\n      expect(actualPrice.trim()).to.equal('30');\n    });\n  }\n});",
              "err": {},
              "uuid": "9141b1e0-dd38-47bf-a5fa-c7a0a75bf45a",
              "parentUUID": "584598aa-4077-4f87-b3a5-e313ca5b57da",
              "isHook": false,
              "skipped": false
            }
          ],
          "suites": [],
          "passes": [
            "ac38c342-7854-4460-844d-2952806ff033",
            "e96edbb9-411b-4d90-8d77-9120aee3b4eb",
            "9141b1e0-dd38-47bf-a5fa-c7a0a75bf45a"
          ],
          "failures": [],
          "pending": [],
          "skipped": [],
          "duration": 3696,
          "root": false,
          "rootEmpty": false,
          "_timeout": 2000
        }
      ],
      "passes": [],
      "failures": [],
      "pending": [],
      "skipped": [],
      "duration": 0,
      "root": true,
      "rootEmpty": true,
      "_timeout": 2000
    }
  ],
  "meta": {
    "mocha": {
      "version": "7.0.1"
    },
    "mochawesome": {
      "options": {
        "quiet": false,
        "reportFilename": "mochawesome",
        "saveHtml": false,
        "saveJson": true,
        "consoleReporter": "spec",
        "useInlineDiffs": false,
        "code": true
      },
      "version": "7.1.3"
    },
    "marge": {
      "options": {
        "overwrite": false,
        "html": false,
        "json": true,
        "reportDir": "cypress\\reports\\html\\.jsons"
      },
      "version": "6.2.0"
    }
  }
}