{
  "stats": {
    "suites": 1,
    "tests": 3,
    "passes": 3,
    "pending": 0,
    "failures": 0,
    "start": "2022-10-23T14:29:39.165Z",
    "end": "2022-10-23T14:29:53.551Z",
    "duration": 14386,
    "testsRegistered": 3,
    "passPercent": 100,
    "pendingPercent": 0,
    "other": 0,
    "hasOther": false,
    "skipped": 0,
    "hasSkipped": false
  },
  "results": [
    {
      "uuid": "90562dac-03c0-4a7b-8956-7c9ffdd3352d",
      "title": "",
      "fullFile": "cypress/integration/examples/alert.js",
      "file": "cypress/integration/examples/alert.js",
      "beforeHooks": [],
      "afterHooks": [],
      "tests": [],
      "suites": [
        {
          "uuid": "ab67c453-2a3a-4c75-8bf1-97d67ddbeda1",
          "title": "My Test Suite",
          "fullFile": "",
          "file": "",
          "beforeHooks": [],
          "afterHooks": [],
          "tests": [
            {
              "title": "should visit codenbox automation site",
              "fullTitle": "My Test Suite should visit codenbox automation site",
              "timedOut": null,
              "duration": 8680,
              "state": "passed",
              "speed": "medium",
              "pass": true,
              "fail": false,
              "pending": false,
              "context": null,
              "code": "cy.visit('https://codenboxautomationlab.com/practice/'); //should check that the url is correct\ncy.url().should('include', 'codenbox');\ncy.wait(3000);",
              "err": {},
              "uuid": "a517322d-27db-48d7-a29d-9eadadb581c7",
              "parentUUID": "ab67c453-2a3a-4c75-8bf1-97d67ddbeda1",
              "isHook": false,
              "skipped": false
            },
            {
              "title": "should verify alert window",
              "fullTitle": "My Test Suite should verify alert window",
              "timedOut": null,
              "duration": 280,
              "state": "passed",
              "speed": "fast",
              "pass": true,
              "fail": false,
              "pending": false,
              "context": null,
              "code": "cy.get('#alertbtn').click();\ncy.on('window:alert', str => {\n  expect(str).to.equal('Hello , share this practice page who love to learn automation');\n});",
              "err": {},
              "uuid": "0369dc6b-d6bf-4019-91cb-a3661ee21fa7",
              "parentUUID": "ab67c453-2a3a-4c75-8bf1-97d67ddbeda1",
              "isHook": false,
              "skipped": false
            },
            {
              "title": "should verify alert window",
              "fullTitle": "My Test Suite should verify alert window",
              "timedOut": null,
              "duration": 146,
              "state": "passed",
              "speed": "fast",
              "pass": true,
              "fail": false,
              "pending": false,
              "context": null,
              "code": "cy.get('#confirmbtn').click();\ncy.on('window:confirm', str => {\n  expect(str).to.equal('Hello , Are you sure you want to confirm?');\n});",
              "err": {},
              "uuid": "1b921963-faca-4c71-bf0a-c1015bdf3cf2",
              "parentUUID": "ab67c453-2a3a-4c75-8bf1-97d67ddbeda1",
              "isHook": false,
              "skipped": false
            }
          ],
          "suites": [],
          "passes": [
            "a517322d-27db-48d7-a29d-9eadadb581c7",
            "0369dc6b-d6bf-4019-91cb-a3661ee21fa7",
            "1b921963-faca-4c71-bf0a-c1015bdf3cf2"
          ],
          "failures": [],
          "pending": [],
          "skipped": [],
          "duration": 9106,
          "root": false,
          "rootEmpty": false,
          "_timeout": 2000
        }
      ],
      "passes": [],
      "failures": [],
      "pending": [],
      "skipped": [],
      "duration": 0,
      "root": true,
      "rootEmpty": true,
      "_timeout": 2000
    }
  ],
  "meta": {
    "mocha": {
      "version": "7.0.1"
    },
    "mochawesome": {
      "options": {
        "quiet": false,
        "reportFilename": "mochawesome",
        "saveHtml": false,
        "saveJson": true,
        "consoleReporter": "spec",
        "useInlineDiffs": false,
        "code": true
      },
      "version": "7.1.3"
    },
    "marge": {
      "options": {
        "overwrite": false,
        "html": false,
        "json": true,
        "reportDir": "cypress\\reports\\html\\.jsons"
      },
      "version": "6.2.0"
    }
  }
}