{
  "stats": {
    "suites": 1,
    "tests": 1,
    "passes": 0,
    "pending": 0,
    "failures": 1,
    "start": "2022-10-23T14:32:37.805Z",
    "end": "2022-10-23T14:32:59.516Z",
    "duration": 21711,
    "testsRegistered": 1,
    "passPercent": 0,
    "pendingPercent": 0,
    "other": 1,
    "hasOther": true,
    "skipped": 0,
    "hasSkipped": false
  },
  "results": [
    {
      "uuid": "1ad2ae35-ccd4-4dce-9314-4b5e6a2bf945",
      "title": "",
      "fullFile": "cypress/integration/examples/navigate.js",
      "file": "cypress/integration/examples/navigate.js",
      "beforeHooks": [],
      "afterHooks": [],
      "tests": [],
      "suites": [
        {
          "uuid": "bd85267b-729f-4874-b152-00adaa661d7e",
          "title": "My Test Suite",
          "fullFile": "",
          "file": "",
          "beforeHooks": [],
          "afterHooks": [],
          "tests": [
            {
              "title": "should navigate back and forth",
              "fullTitle": "My Test Suite should navigate back and forth",
              "timedOut": null,
              "duration": 4234,
              "state": "failed",
              "speed": null,
              "pass": false,
              "fail": true,
              "pending": false,
              "context": "{\n  \"title\": \"cypress-mochawesome-reporter-screenshots\",\n  \"value\": [\n    [\n      {\n        \"title\": \"Failed screenshot\",\n        \"value\": \"\\\\examples\\\\navigate.js\\\\My Test Suite -- should navigate back and forth (failed).png\"\n      },\n      {\n        \"title\": \"Failed screenshot\",\n        \"value\": \"\\\\examples\\\\navigate.js\\\\should navigate back and forth -- after each hook onFailed (failed).png\"\n      }\n    ]\n  ]\n}",
              "code": "cy.visit('https://codenboxautomationlab.com/');\ncy.contains('Selenium Automation').click({\n  force: true\n});\ncy.go('back'); //clicks on the back button\ncy.get('h3[aria-label=\"Write heading…\"] span').invoke('text').then(textOfElement => {\n  expect(textOfElement.trim()).to.eq('Welcome to CodenBox AutomationLab');\n  cy.go('forward'); //clicks on the forward button\n});",
              "err": {
                "message": "CypressError: Cypress command timeout of `4000ms` exceeded.\n\nBecause this error occurred during a `after each` hook we are skipping all of the remaining tests.",
                "estack": "CypressError: Cypress command timeout of `4000ms` exceeded.\n\nBecause this error occurred during a `after each` hook we are skipping all of the remaining tests.\n    at cypressErr (https://codenboxautomationlab.com/__cypress/runner/cypress_runner.js:172722:18)\n    at Object.errByPath (https://codenboxautomationlab.com/__cypress/runner/cypress_runner.js:172791:10)\n    at https://codenboxautomationlab.com/__cypress/runner/cypress_runner.js:174541:80",
                "diff": null
              },
              "uuid": "8b6b39a8-77f9-4227-8092-ab00b2c02e71",
              "parentUUID": "bd85267b-729f-4874-b152-00adaa661d7e",
              "isHook": false,
              "skipped": false
            }
          ],
          "suites": [],
          "passes": [],
          "failures": [
            "8b6b39a8-77f9-4227-8092-ab00b2c02e71"
          ],
          "pending": [],
          "skipped": [],
          "duration": 4234,
          "root": false,
          "rootEmpty": false,
          "_timeout": 2000
        }
      ],
      "passes": [],
      "failures": [],
      "pending": [],
      "skipped": [],
      "duration": 0,
      "root": true,
      "rootEmpty": true,
      "_timeout": 2000
    }
  ],
  "meta": {
    "mocha": {
      "version": "7.0.1"
    },
    "mochawesome": {
      "options": {
        "quiet": false,
        "reportFilename": "mochawesome",
        "saveHtml": false,
        "saveJson": true,
        "consoleReporter": "spec",
        "useInlineDiffs": false,
        "code": true
      },
      "version": "7.1.3"
    },
    "marge": {
      "options": {
        "overwrite": false,
        "html": false,
        "json": true,
        "reportDir": "cypress\\reports\\html\\.jsons"
      },
      "version": "6.2.0"
    }
  }
}