{
  "stats": {
    "suites": 1,
    "tests": 3,
    "passes": 3,
    "pending": 0,
    "failures": 0,
    "start": "2022-10-23T14:30:00.025Z",
    "end": "2022-10-23T14:30:06.586Z",
    "duration": 6561,
    "testsRegistered": 3,
    "passPercent": 100,
    "pendingPercent": 0,
    "other": 0,
    "hasOther": false,
    "skipped": 0,
    "hasSkipped": false
  },
  "results": [
    {
      "uuid": "1546c1ea-f0b7-4c0e-9b60-b015c20bcd93",
      "title": "",
      "fullFile": "cypress/integration/examples/alias.js",
      "file": "cypress/integration/examples/alias.js",
      "beforeHooks": [],
      "afterHooks": [],
      "tests": [],
      "suites": [
        {
          "uuid": "6d58810a-df2b-4ee5-9f41-791b2fec080e",
          "title": "My Test Suite",
          "fullFile": "",
          "file": "",
          "beforeHooks": [],
          "afterHooks": [],
          "tests": [
            {
              "title": "Visits Codenbox automation site",
              "fullTitle": "My Test Suite Visits Codenbox automation site",
              "timedOut": null,
              "duration": 3805,
              "state": "passed",
              "speed": "fast",
              "pass": true,
              "fail": false,
              "pending": false,
              "context": null,
              "code": "cy.visit('https://codenboxautomationlab.com/wp-login.php');\ncy.wait(3000);",
              "err": {},
              "uuid": "fad0e4be-4283-4474-96be-694a6dbedd69",
              "parentUUID": "6d58810a-df2b-4ee5-9f41-791b2fec080e",
              "isHook": false,
              "skipped": false
            },
            {
              "title": "should fill invalid username",
              "fullTitle": "My Test Suite should fill invalid username",
              "timedOut": null,
              "duration": 571,
              "state": "passed",
              "speed": "fast",
              "pass": true,
              "fail": false,
              "pending": false,
              "context": null,
              "code": "cy.get('#user_login').as('username');\ncy.get('@username').clear();\ncy.get('@username').type('NoName', {\n  delay: 50\n});",
              "err": {},
              "uuid": "088129d4-677f-4633-a38b-a535c2c560d1",
              "parentUUID": "6d58810a-df2b-4ee5-9f41-791b2fec080e",
              "isHook": false,
              "skipped": false
            },
            {
              "title": "should fill invalid password",
              "fullTitle": "My Test Suite should fill invalid password",
              "timedOut": null,
              "duration": 648,
              "state": "passed",
              "speed": "fast",
              "pass": true,
              "fail": false,
              "pending": false,
              "context": null,
              "code": "cy.get('#user_pass').as('password');\ncy.get('@password').clear();\ncy.get('@password').type('1234567', {\n  delay: 50\n});",
              "err": {},
              "uuid": "1b7ece72-45e0-423d-ae62-77f860a77653",
              "parentUUID": "6d58810a-df2b-4ee5-9f41-791b2fec080e",
              "isHook": false,
              "skipped": false
            }
          ],
          "suites": [],
          "passes": [
            "fad0e4be-4283-4474-96be-694a6dbedd69",
            "088129d4-677f-4633-a38b-a535c2c560d1",
            "1b7ece72-45e0-423d-ae62-77f860a77653"
          ],
          "failures": [],
          "pending": [],
          "skipped": [],
          "duration": 5024,
          "root": false,
          "rootEmpty": false,
          "_timeout": 2000
        }
      ],
      "passes": [],
      "failures": [],
      "pending": [],
      "skipped": [],
      "duration": 0,
      "root": true,
      "rootEmpty": true,
      "_timeout": 2000
    }
  ],
  "meta": {
    "mocha": {
      "version": "7.0.1"
    },
    "mochawesome": {
      "options": {
        "quiet": false,
        "reportFilename": "mochawesome",
        "saveHtml": false,
        "saveJson": true,
        "consoleReporter": "spec",
        "useInlineDiffs": false,
        "code": true
      },
      "version": "7.1.3"
    },
    "marge": {
      "options": {
        "overwrite": false,
        "html": false,
        "json": true,
        "reportDir": "cypress\\reports\\html\\.jsons"
      },
      "version": "6.2.0"
    }
  }
}