{
  "stats": {
    "suites": 1,
    "tests": 3,
    "passes": 3,
    "pending": 0,
    "failures": 0,
    "start": "2022-10-23T14:56:09.020Z",
    "end": "2022-10-23T14:56:15.343Z",
    "duration": 6323,
    "testsRegistered": 3,
    "passPercent": 100,
    "pendingPercent": 0,
    "other": 0,
    "hasOther": false,
    "skipped": 0,
    "hasSkipped": false
  },
  "results": [
    {
      "uuid": "36741930-e497-4098-a943-ef15f3b200c7",
      "title": "",
      "fullFile": "cypress/integration/examples/alias.js",
      "file": "cypress/integration/examples/alias.js",
      "beforeHooks": [],
      "afterHooks": [],
      "tests": [],
      "suites": [
        {
          "uuid": "71e84a84-bc29-4460-9a31-58ef40b42eca",
          "title": "My Test Suite",
          "fullFile": "",
          "file": "",
          "beforeHooks": [],
          "afterHooks": [],
          "tests": [
            {
              "title": "Visits Codenbox automation site",
              "fullTitle": "My Test Suite Visits Codenbox automation site",
              "timedOut": null,
              "duration": 3745,
              "state": "passed",
              "speed": "fast",
              "pass": true,
              "fail": false,
              "pending": false,
              "context": null,
              "code": "cy.visit('https://codenboxautomationlab.com/wp-login.php');\ncy.wait(3000);",
              "err": {},
              "uuid": "44c298ec-2dda-4d4a-9bd5-48952568b3b6",
              "parentUUID": "71e84a84-bc29-4460-9a31-58ef40b42eca",
              "isHook": false,
              "skipped": false
            },
            {
              "title": "should fill invalid username",
              "fullTitle": "My Test Suite should fill invalid username",
              "timedOut": null,
              "duration": 524,
              "state": "passed",
              "speed": "fast",
              "pass": true,
              "fail": false,
              "pending": false,
              "context": null,
              "code": "cy.get('#user_login').as('username');\ncy.get('@username').clear();\ncy.get('@username').type('NoName', {\n  delay: 50\n});",
              "err": {},
              "uuid": "276138bc-94a1-4458-ab34-788a6b3bd01f",
              "parentUUID": "71e84a84-bc29-4460-9a31-58ef40b42eca",
              "isHook": false,
              "skipped": false
            },
            {
              "title": "should fill invalid password",
              "fullTitle": "My Test Suite should fill invalid password",
              "timedOut": null,
              "duration": 658,
              "state": "passed",
              "speed": "fast",
              "pass": true,
              "fail": false,
              "pending": false,
              "context": null,
              "code": "cy.get('#user_pass').as('password');\ncy.get('@password').clear();\ncy.get('@password').type('1234567', {\n  delay: 50\n});",
              "err": {},
              "uuid": "10f4cff9-4409-46cc-91e3-a45fd4ecdb22",
              "parentUUID": "71e84a84-bc29-4460-9a31-58ef40b42eca",
              "isHook": false,
              "skipped": false
            }
          ],
          "suites": [],
          "passes": [
            "44c298ec-2dda-4d4a-9bd5-48952568b3b6",
            "276138bc-94a1-4458-ab34-788a6b3bd01f",
            "10f4cff9-4409-46cc-91e3-a45fd4ecdb22"
          ],
          "failures": [],
          "pending": [],
          "skipped": [],
          "duration": 4927,
          "root": false,
          "rootEmpty": false,
          "_timeout": 2000
        }
      ],
      "passes": [],
      "failures": [],
      "pending": [],
      "skipped": [],
      "duration": 0,
      "root": true,
      "rootEmpty": true,
      "_timeout": 2000
    }
  ],
  "meta": {
    "mocha": {
      "version": "7.0.1"
    },
    "mochawesome": {
      "options": {
        "quiet": false,
        "reportFilename": "mochawesome",
        "saveHtml": false,
        "saveJson": true,
        "consoleReporter": "spec",
        "useInlineDiffs": false,
        "code": true
      },
      "version": "7.1.3"
    },
    "marge": {
      "options": {
        "overwrite": false,
        "html": false,
        "json": true,
        "reportDir": "cypress\\reports\\html\\.jsons"
      },
      "version": "6.2.0"
    }
  }
}