{
  "stats": {
    "suites": 1,
    "tests": 2,
    "passes": 2,
    "pending": 0,
    "failures": 0,
    "start": "2022-10-23T15:54:54.696Z",
    "end": "2022-10-23T15:55:05.028Z",
    "duration": 10332,
    "testsRegistered": 2,
    "passPercent": 100,
    "pendingPercent": 0,
    "other": 0,
    "hasOther": false,
    "skipped": 0,
    "hasSkipped": false
  },
  "results": [
    {
      "uuid": "2b74e79c-a7a0-4ebf-9aae-87a1f55a64de",
      "title": "",
      "fullFile": "cypress/integration/examples/text.js",
      "file": "cypress/integration/examples/text.js",
      "beforeHooks": [],
      "afterHooks": [],
      "tests": [],
      "suites": [
        {
          "uuid": "a02ed643-308e-414a-94eb-0b3067b68e44",
          "title": "My Test Suite",
          "fullFile": "",
          "file": "",
          "beforeHooks": [],
          "afterHooks": [],
          "tests": [
            {
              "title": "should get text using text method option1",
              "fullTitle": "My Test Suite should get text using text method option1",
              "timedOut": null,
              "duration": 3334,
              "state": "passed",
              "speed": "fast",
              "pass": true,
              "fail": false,
              "pending": false,
              "context": null,
              "code": "cy.visit('https://codenboxautomationlab.com/practice/');\ncy.get('.page-title').invoke('text').then(text1 => {\n  expect(text1).to.eq('Automation Practice');\n});",
              "err": {},
              "uuid": "f8df3fc6-3c7b-455c-aa78-e3a77567e6a0",
              "parentUUID": "a02ed643-308e-414a-94eb-0b3067b68e44",
              "isHook": false,
              "skipped": false
            },
            {
              "title": "should get text using text method option2",
              "fullTitle": "My Test Suite should get text using text method option2",
              "timedOut": null,
              "duration": 4619,
              "state": "passed",
              "speed": "fast",
              "pass": true,
              "fail": false,
              "pending": false,
              "context": null,
              "code": "cy.visit('https://codenboxautomationlab.com/practice/');\ncy.get('.page-title').then(function (text2) {\n  cy.log(text2.text());\n});",
              "err": {},
              "uuid": "6ee547c0-6369-4945-8879-1ebde870018d",
              "parentUUID": "a02ed643-308e-414a-94eb-0b3067b68e44",
              "isHook": false,
              "skipped": false
            }
          ],
          "suites": [],
          "passes": [
            "f8df3fc6-3c7b-455c-aa78-e3a77567e6a0",
            "6ee547c0-6369-4945-8879-1ebde870018d"
          ],
          "failures": [],
          "pending": [],
          "skipped": [],
          "duration": 7953,
          "root": false,
          "rootEmpty": false,
          "_timeout": 2000
        }
      ],
      "passes": [],
      "failures": [],
      "pending": [],
      "skipped": [],
      "duration": 0,
      "root": true,
      "rootEmpty": true,
      "_timeout": 2000
    }
  ],
  "meta": {
    "mocha": {
      "version": "7.0.1"
    },
    "mochawesome": {
      "options": {
        "quiet": false,
        "reportFilename": "mochawesome",
        "saveHtml": false,
        "saveJson": true,
        "consoleReporter": "spec",
        "useInlineDiffs": false,
        "code": true
      },
      "version": "7.1.3"
    },
    "marge": {
      "options": {
        "overwrite": false,
        "html": false,
        "json": true,
        "reportDir": "cypress\\reports\\html\\.jsons"
      },
      "version": "6.2.0"
    }
  }
}