{
  "stats": {
    "suites": 1,
    "tests": 1,
    "passes": 1,
    "pending": 0,
    "failures": 0,
    "start": "2022-10-23T14:58:10.727Z",
    "end": "2022-10-23T14:58:23.809Z",
    "duration": 13082,
    "testsRegistered": 1,
    "passPercent": 100,
    "pendingPercent": 0,
    "other": 0,
    "hasOther": false,
    "skipped": 0,
    "hasSkipped": false
  },
  "results": [
    {
      "uuid": "cf01bfe9-cc31-41d3-9529-c5f9c9ecc599",
      "title": "",
      "fullFile": "cypress/integration/examples/inheritance_spec.js",
      "file": "cypress/integration/examples/inheritance_spec.js",
      "beforeHooks": [],
      "afterHooks": [],
      "tests": [],
      "suites": [
        {
          "uuid": "9cac9c5d-c099-48af-adb8-06c79be207cc",
          "title": "inheritance between classes",
          "fullFile": "",
          "file": "",
          "beforeHooks": [],
          "afterHooks": [],
          "tests": [
            {
              "title": "should scroll down and up in home page",
              "fullTitle": "inheritance between classes should scroll down and up in home page",
              "timedOut": null,
              "duration": 11355,
              "state": "passed",
              "speed": "slow",
              "pass": true,
              "fail": false,
              "pending": false,
              "context": null,
              "code": "HomePage.scrollToBottom();\nHomePage.wait(3000);\nHomePage.scrollToUp();\nHomePage.wait(3000);",
              "err": {},
              "uuid": "02fc3073-f7eb-4037-8016-413a3187fc0f",
              "parentUUID": "9cac9c5d-c099-48af-adb8-06c79be207cc",
              "isHook": false,
              "skipped": false
            }
          ],
          "suites": [],
          "passes": [
            "02fc3073-f7eb-4037-8016-413a3187fc0f"
          ],
          "failures": [],
          "pending": [],
          "skipped": [],
          "duration": 11355,
          "root": false,
          "rootEmpty": false,
          "_timeout": 2000
        }
      ],
      "passes": [],
      "failures": [],
      "pending": [],
      "skipped": [],
      "duration": 0,
      "root": true,
      "rootEmpty": true,
      "_timeout": 2000
    }
  ],
  "meta": {
    "mocha": {
      "version": "7.0.1"
    },
    "mochawesome": {
      "options": {
        "quiet": false,
        "reportFilename": "mochawesome",
        "saveHtml": false,
        "saveJson": true,
        "consoleReporter": "spec",
        "useInlineDiffs": false,
        "code": true
      },
      "version": "7.1.3"
    },
    "marge": {
      "options": {
        "overwrite": false,
        "html": false,
        "json": true,
        "reportDir": "cypress\\reports\\html\\.jsons"
      },
      "version": "6.2.0"
    }
  }
}