{
  "stats": {
    "suites": 1,
    "tests": 1,
    "passes": 1,
    "pending": 0,
    "failures": 0,
    "start": "2022-10-23T14:32:00.691Z",
    "end": "2022-10-23T14:32:08.242Z",
    "duration": 7551,
    "testsRegistered": 1,
    "passPercent": 100,
    "pendingPercent": 0,
    "other": 0,
    "hasOther": false,
    "skipped": 0,
    "hasSkipped": false
  },
  "results": [
    {
      "uuid": "b3614d5f-d0fd-4192-ae1d-c23491610f6e",
      "title": "",
      "fullFile": "cypress/integration/examples/dopdown.js",
      "file": "cypress/integration/examples/dopdown.js",
      "beforeHooks": [],
      "afterHooks": [],
      "tests": [],
      "suites": [
        {
          "uuid": "a8b7997f-7f9e-4481-8d26-7298bedb3d31",
          "title": "My Test Suite",
          "fullFile": "",
          "file": "",
          "beforeHooks": [],
          "afterHooks": [],
          "tests": [
            {
              "title": "should visit Codenbox automation site",
              "fullTitle": "My Test Suite should visit Codenbox automation site",
              "timedOut": null,
              "duration": 5617,
              "state": "passed",
              "speed": "medium",
              "pass": true,
              "fail": false,
              "pending": false,
              "context": null,
              "code": "cy.visit('https://codenboxautomationlab.com/practice/'); //static dropdown\ncy.get('#dropdown-class-example').select('Selenium').should('have.value', 'option1'); //dynamic dropdown\ncy.get('#autocomplete').type('can');\ncy.get('.ui-menu-item div').each(($el, index, $list) => {\n  // $el is a wrapped jQuery element\n  if ($el.text() === 'Canada') {\n    cy.wrap($el).click();\n  }\n});",
              "err": {},
              "uuid": "2b464a11-77ac-4ec1-aeb4-172f3c721d6b",
              "parentUUID": "a8b7997f-7f9e-4481-8d26-7298bedb3d31",
              "isHook": false,
              "skipped": false
            }
          ],
          "suites": [],
          "passes": [
            "2b464a11-77ac-4ec1-aeb4-172f3c721d6b"
          ],
          "failures": [],
          "pending": [],
          "skipped": [],
          "duration": 5617,
          "root": false,
          "rootEmpty": false,
          "_timeout": 2000
        }
      ],
      "passes": [],
      "failures": [],
      "pending": [],
      "skipped": [],
      "duration": 0,
      "root": true,
      "rootEmpty": true,
      "_timeout": 2000
    }
  ],
  "meta": {
    "mocha": {
      "version": "7.0.1"
    },
    "mochawesome": {
      "options": {
        "quiet": false,
        "reportFilename": "mochawesome",
        "saveHtml": false,
        "saveJson": true,
        "consoleReporter": "spec",
        "useInlineDiffs": false,
        "code": true
      },
      "version": "7.1.3"
    },
    "marge": {
      "options": {
        "overwrite": false,
        "html": false,
        "json": true,
        "reportDir": "cypress\\reports\\html\\.jsons"
      },
      "version": "6.2.0"
    }
  }
}