{
  "stats": {
    "suites": 1,
    "tests": 1,
    "passes": 1,
    "pending": 0,
    "failures": 0,
    "start": "2022-10-23T15:52:11.857Z",
    "end": "2022-10-23T15:52:15.368Z",
    "duration": 3511,
    "testsRegistered": 1,
    "passPercent": 100,
    "pendingPercent": 0,
    "other": 0,
    "hasOther": false,
    "skipped": 0,
    "hasSkipped": false
  },
  "results": [
    {
      "uuid": "f704a22c-c739-4365-8060-8ab9bdf59300",
      "title": "",
      "fullFile": "cypress/integration/examples/commands_spec.js",
      "file": "cypress/integration/examples/commands_spec.js",
      "beforeHooks": [],
      "afterHooks": [],
      "tests": [],
      "suites": [
        {
          "uuid": "748e41ba-a219-457a-b4be-577fd75db24f",
          "title": "My Test Suite",
          "fullFile": "",
          "file": "",
          "beforeHooks": [],
          "afterHooks": [],
          "tests": [
            {
              "title": "should login to the application using custom command",
              "fullTitle": "My Test Suite should login to the application using custom command",
              "timedOut": null,
              "duration": 1688,
              "state": "passed",
              "speed": "fast",
              "pass": true,
              "fail": false,
              "pending": false,
              "context": null,
              "code": "cy.visit('https://codenboxautomationlab.com/wp-login.php'); // invalid login\ncy.login('noName', '123456');\ncy.get('#login_error').should('contain', 'Error');",
              "err": {},
              "uuid": "71445ffe-c6dc-40b9-9742-d3da313d9ee0",
              "parentUUID": "748e41ba-a219-457a-b4be-577fd75db24f",
              "isHook": false,
              "skipped": false
            }
          ],
          "suites": [],
          "passes": [
            "71445ffe-c6dc-40b9-9742-d3da313d9ee0"
          ],
          "failures": [],
          "pending": [],
          "skipped": [],
          "duration": 1688,
          "root": false,
          "rootEmpty": false,
          "_timeout": 2000
        }
      ],
      "passes": [],
      "failures": [],
      "pending": [],
      "skipped": [],
      "duration": 0,
      "root": true,
      "rootEmpty": true,
      "_timeout": 2000
    }
  ],
  "meta": {
    "mocha": {
      "version": "7.0.1"
    },
    "mochawesome": {
      "options": {
        "quiet": false,
        "reportFilename": "mochawesome",
        "saveHtml": false,
        "saveJson": true,
        "consoleReporter": "spec",
        "useInlineDiffs": false,
        "code": true
      },
      "version": "7.1.3"
    },
    "marge": {
      "options": {
        "overwrite": false,
        "html": false,
        "json": true,
        "reportDir": "cypress\\reports\\html\\.jsons"
      },
      "version": "6.2.0"
    }
  }
}