{
  "stats": {
    "suites": 1,
    "tests": 1,
    "passes": 1,
    "pending": 0,
    "failures": 0,
    "start": "2022-10-23T14:57:52.373Z",
    "end": "2022-10-23T14:58:00.172Z",
    "duration": 7799,
    "testsRegistered": 1,
    "passPercent": 100,
    "pendingPercent": 0,
    "other": 0,
    "hasOther": false,
    "skipped": 0,
    "hasSkipped": false
  },
  "results": [
    {
      "uuid": "800c6da9-3f05-4695-9c76-db1af5912b02",
      "title": "",
      "fullFile": "cypress/integration/examples/dopdown.js",
      "file": "cypress/integration/examples/dopdown.js",
      "beforeHooks": [],
      "afterHooks": [],
      "tests": [],
      "suites": [
        {
          "uuid": "27ae16de-8e33-4504-9857-b50ec222fb11",
          "title": "My Test Suite",
          "fullFile": "",
          "file": "",
          "beforeHooks": [],
          "afterHooks": [],
          "tests": [
            {
              "title": "should visit Codenbox automation site",
              "fullTitle": "My Test Suite should visit Codenbox automation site",
              "timedOut": null,
              "duration": 5845,
              "state": "passed",
              "speed": "medium",
              "pass": true,
              "fail": false,
              "pending": false,
              "context": null,
              "code": "cy.visit('https://codenboxautomationlab.com/practice/'); //static dropdown\ncy.get('#dropdown-class-example').select('Selenium').should('have.value', 'option1'); //dynamic dropdown\ncy.get('#autocomplete').type('can');\ncy.get('.ui-menu-item div').each(($el, index, $list) => {\n  // $el is a wrapped jQuery element\n  if ($el.text() === 'Canada') {\n    cy.wrap($el).click();\n  }\n});",
              "err": {},
              "uuid": "8267bf5c-42f7-4ab4-b2fb-216d66b19b25",
              "parentUUID": "27ae16de-8e33-4504-9857-b50ec222fb11",
              "isHook": false,
              "skipped": false
            }
          ],
          "suites": [],
          "passes": [
            "8267bf5c-42f7-4ab4-b2fb-216d66b19b25"
          ],
          "failures": [],
          "pending": [],
          "skipped": [],
          "duration": 5845,
          "root": false,
          "rootEmpty": false,
          "_timeout": 2000
        }
      ],
      "passes": [],
      "failures": [],
      "pending": [],
      "skipped": [],
      "duration": 0,
      "root": true,
      "rootEmpty": true,
      "_timeout": 2000
    }
  ],
  "meta": {
    "mocha": {
      "version": "7.0.1"
    },
    "mochawesome": {
      "options": {
        "quiet": false,
        "reportFilename": "mochawesome",
        "saveHtml": false,
        "saveJson": true,
        "consoleReporter": "spec",
        "useInlineDiffs": false,
        "code": true
      },
      "version": "7.1.3"
    },
    "marge": {
      "options": {
        "overwrite": false,
        "html": false,
        "json": true,
        "reportDir": "cypress\\reports\\html\\.jsons"
      },
      "version": "6.2.0"
    }
  }
}