{
  "stats": {
    "suites": 1,
    "tests": 1,
    "passes": 1,
    "pending": 0,
    "failures": 0,
    "start": "2022-10-23T14:56:42.046Z",
    "end": "2022-10-23T14:56:49.532Z",
    "duration": 7486,
    "testsRegistered": 1,
    "passPercent": 100,
    "pendingPercent": 0,
    "other": 0,
    "hasOther": false,
    "skipped": 0,
    "hasSkipped": false
  },
  "results": [
    {
      "uuid": "749c7e02-161e-4ac7-a68c-69d4b971192e",
      "title": "",
      "fullFile": "cypress/integration/examples/checkbox.js",
      "file": "cypress/integration/examples/checkbox.js",
      "beforeHooks": [],
      "afterHooks": [],
      "tests": [],
      "suites": [
        {
          "uuid": "9149a528-9418-46c1-b0bc-23185c084991",
          "title": "My Test Suite",
          "fullFile": "",
          "file": "",
          "beforeHooks": [],
          "afterHooks": [],
          "tests": [
            {
              "title": "should be able to tick the checkbox",
              "fullTitle": "My Test Suite should be able to tick the checkbox",
              "timedOut": null,
              "duration": 5625,
              "state": "passed",
              "speed": "medium",
              "pass": true,
              "fail": false,
              "pending": false,
              "context": null,
              "code": "cy.visit('https://codenboxautomationlab.com/practice/');\ncy.get('input#checkBoxOption1').check().should('be.checked').and('have.value', 'option1'); //unchecked option1\ncy.get('input#checkBoxOption1').uncheck().should('not.be.checked'); //multiple checkboxes using common attribute values\ncy.get('input[type=\"checkbox\"]').check(['option1', 'option2']); //dynamic dropdown\ncy.get('#autocomplete').type('can');\ncy.get('.ui-menu-item').each(($el, index, $list) => {\n  // $el is a wrapped jQuery element\n  if ($el.text() === 'Canada') {\n    cy.wrap($el).click();\n  }\n});",
              "err": {},
              "uuid": "c7662ff7-88a4-4ab6-9b0b-d710d02d0752",
              "parentUUID": "9149a528-9418-46c1-b0bc-23185c084991",
              "isHook": false,
              "skipped": false
            }
          ],
          "suites": [],
          "passes": [
            "c7662ff7-88a4-4ab6-9b0b-d710d02d0752"
          ],
          "failures": [],
          "pending": [],
          "skipped": [],
          "duration": 5625,
          "root": false,
          "rootEmpty": false,
          "_timeout": 2000
        }
      ],
      "passes": [],
      "failures": [],
      "pending": [],
      "skipped": [],
      "duration": 0,
      "root": true,
      "rootEmpty": true,
      "_timeout": 2000
    }
  ],
  "meta": {
    "mocha": {
      "version": "7.0.1"
    },
    "mochawesome": {
      "options": {
        "quiet": false,
        "reportFilename": "mochawesome",
        "saveHtml": false,
        "saveJson": true,
        "consoleReporter": "spec",
        "useInlineDiffs": false,
        "code": true
      },
      "version": "7.1.3"
    },
    "marge": {
      "options": {
        "overwrite": false,
        "html": false,
        "json": true,
        "reportDir": "cypress\\reports\\html\\.jsons"
      },
      "version": "6.2.0"
    }
  }
}