{
  "stats": {
    "suites": 1,
    "tests": 1,
    "passes": 1,
    "pending": 0,
    "failures": 0,
    "start": "2022-10-23T15:53:31.053Z",
    "end": "2022-10-23T15:53:45.293Z",
    "duration": 14240,
    "testsRegistered": 1,
    "passPercent": 100,
    "pendingPercent": 0,
    "other": 0,
    "hasOther": false,
    "skipped": 0,
    "hasSkipped": false
  },
  "results": [
    {
      "uuid": "7ed9df02-342c-4de8-b158-b22e1f2d3835",
      "title": "",
      "fullFile": "cypress/integration/examples/navigate.js",
      "file": "cypress/integration/examples/navigate.js",
      "beforeHooks": [],
      "afterHooks": [],
      "tests": [],
      "suites": [
        {
          "uuid": "a8413ff4-380b-444d-908b-3e9e05fc375f",
          "title": "My Test Suite",
          "fullFile": "",
          "file": "",
          "beforeHooks": [],
          "afterHooks": [],
          "tests": [
            {
              "title": "should navigate back and forth",
              "fullTitle": "My Test Suite should navigate back and forth",
              "timedOut": null,
              "duration": 12117,
              "state": "passed",
              "speed": "slow",
              "pass": true,
              "fail": false,
              "pending": false,
              "context": null,
              "code": "cy.visit('https://codenboxautomationlab.com/');\ncy.contains('Selenium Automation').click({\n  force: true\n});\ncy.go('back'); //clicks on the back button\ncy.get('#post-2 > div > h3 > span').invoke('text').then(textOfElement => {\n  expect(textOfElement.trim()).to.eq('Welcome to CodenBox AutomationLab');\n  cy.go('forward'); //clicks on the forward button\n});",
              "err": {},
              "uuid": "1265e347-488b-462b-887a-bf666d34c5ca",
              "parentUUID": "a8413ff4-380b-444d-908b-3e9e05fc375f",
              "isHook": false,
              "skipped": false
            }
          ],
          "suites": [],
          "passes": [
            "1265e347-488b-462b-887a-bf666d34c5ca"
          ],
          "failures": [],
          "pending": [],
          "skipped": [],
          "duration": 12117,
          "root": false,
          "rootEmpty": false,
          "_timeout": 2000
        }
      ],
      "passes": [],
      "failures": [],
      "pending": [],
      "skipped": [],
      "duration": 0,
      "root": true,
      "rootEmpty": true,
      "_timeout": 2000
    }
  ],
  "meta": {
    "mocha": {
      "version": "7.0.1"
    },
    "mochawesome": {
      "options": {
        "quiet": false,
        "reportFilename": "mochawesome",
        "saveHtml": false,
        "saveJson": true,
        "consoleReporter": "spec",
        "useInlineDiffs": false,
        "code": true
      },
      "version": "7.1.3"
    },
    "marge": {
      "options": {
        "overwrite": false,
        "html": false,
        "json": true,
        "reportDir": "cypress\\reports\\html\\.jsons"
      },
      "version": "6.2.0"
    }
  }
}