{
  "stats": {
    "suites": 1,
    "tests": 1,
    "passes": 0,
    "pending": 0,
    "failures": 1,
    "start": "2022-10-23T14:58:54.222Z",
    "end": "2022-10-23T14:59:04.790Z",
    "duration": 10568,
    "testsRegistered": 1,
    "passPercent": 0,
    "pendingPercent": 0,
    "other": 1,
    "hasOther": true,
    "skipped": 0,
    "hasSkipped": false
  },
  "results": [
    {
      "uuid": "76b30f9d-fe53-4b29-8a69-935908f36176",
      "title": "",
      "fullFile": "cypress/integration/examples/pageScroll.js",
      "file": "cypress/integration/examples/pageScroll.js",
      "beforeHooks": [],
      "afterHooks": [],
      "tests": [],
      "suites": [
        {
          "uuid": "b70d1d7e-962b-4165-a67f-1dc1472e0908",
          "title": "My Test Suite",
          "fullFile": "",
          "file": "",
          "beforeHooks": [],
          "afterHooks": [],
          "tests": [
            {
              "title": "should scroll up and down",
              "fullTitle": "My Test Suite should scroll up and down",
              "timedOut": null,
              "duration": 224,
              "state": "failed",
              "speed": null,
              "pass": false,
              "fail": true,
              "pending": false,
              "context": "{\n  \"title\": \"cypress-mochawesome-reporter-screenshots\",\n  \"value\": [\n    [\n      {\n        \"title\": \"Failed screenshot\",\n        \"value\": \"\\\\examples\\\\pageScroll.js\\\\My Test Suite -- should scroll up and down (failed).png\"\n      },\n      {\n        \"title\": \"Failed screenshot\",\n        \"value\": \"\\\\examples\\\\pageScroll.js\\\\should scroll up and down -- after each hook onFailed (failed).png\"\n      }\n    ]\n  ]\n}",
              "code": "// cy.visit('https://codenboxautomationlab.com/')\ncy.visit(Cypress.env('url'));\ncy.wait(3000);\ncy.contains('Contact Us').scrollIntoView(); //cy.wait(3000)\ncy.get('.block-editor-rich-text__editable > span').scrollIntoView();",
              "err": {
                "message": "CypressError: `cy.task('failed')` failed with the following error:\n\nThe task 'failed' was not handled in the plugins file. The following tasks are registered: downloadFile\n\nFix this in your plugins file here:\nC:\\my-project\\automation\\CypressExample\\cypress\\plugins\\index.js\n\nhttps://on.cypress.io/api/task\n\nBecause this error occurred during a `after each` hook we are skipping all of the remaining tests.",
                "estack": "CypressError: `cy.task('failed')` failed with the following error:\n\nThe task 'failed' was not handled in the plugins file. The following tasks are registered: downloadFile\n\nFix this in your plugins file here:\nC:\\my-project\\automation\\CypressExample\\cypress\\plugins\\index.js\n\nhttps://on.cypress.io/api/task\n\nBecause this error occurred during a `after each` hook we are skipping all of the remaining tests.\n    at http://localhost:57977/__cypress/runner/cypress_runner.js:158936:80\n    at tryCatcher (http://localhost:57977/__cypress/runner/cypress_runner.js:13212:23)\n    at Promise._settlePromiseFromHandler (http://localhost:57977/__cypress/runner/cypress_runner.js:11147:31)\n    at Promise._settlePromise (http://localhost:57977/__cypress/runner/cypress_runner.js:11204:18)\n    at Promise._settlePromise0 (http://localhost:57977/__cypress/runner/cypress_runner.js:11249:10)\n    at Promise._settlePromises (http://localhost:57977/__cypress/runner/cypress_runner.js:11325:18)\n    at _drainQueueStep (http://localhost:57977/__cypress/runner/cypress_runner.js:7919:12)\n    at _drainQueue (http://localhost:57977/__cypress/runner/cypress_runner.js:7912:9)\n    at Async.../../node_modules/bluebird/js/release/async.js.Async._drainQueues (http://localhost:57977/__cypress/runner/cypress_runner.js:7928:5)\n    at Async.drainQueues (http://localhost:57977/__cypress/runner/cypress_runner.js:7798:14)\nFrom Your Spec Code:\n    at Context.onFailed (http://localhost:57977/__cypress/tests?p=cypress\\support\\index.js:2789:6)",
                "diff": null
              },
              "uuid": "6add2572-64a6-4025-b7e7-6abd7eceaab8",
              "parentUUID": "b70d1d7e-962b-4165-a67f-1dc1472e0908",
              "isHook": false,
              "skipped": false
            }
          ],
          "suites": [],
          "passes": [],
          "failures": [
            "6add2572-64a6-4025-b7e7-6abd7eceaab8"
          ],
          "pending": [],
          "skipped": [],
          "duration": 224,
          "root": false,
          "rootEmpty": false,
          "_timeout": 2000
        }
      ],
      "passes": [],
      "failures": [],
      "pending": [],
      "skipped": [],
      "duration": 0,
      "root": true,
      "rootEmpty": true,
      "_timeout": 2000
    }
  ],
  "meta": {
    "mocha": {
      "version": "7.0.1"
    },
    "mochawesome": {
      "options": {
        "quiet": false,
        "reportFilename": "mochawesome",
        "saveHtml": false,
        "saveJson": true,
        "consoleReporter": "spec",
        "useInlineDiffs": false,
        "code": true
      },
      "version": "7.1.3"
    },
    "marge": {
      "options": {
        "overwrite": false,
        "html": false,
        "json": true,
        "reportDir": "cypress\\reports\\html\\.jsons"
      },
      "version": "6.2.0"
    }
  }
}