{
  "stats": {
    "suites": 1,
    "tests": 1,
    "passes": 1,
    "pending": 0,
    "failures": 0,
    "start": "2022-10-23T14:31:19.146Z",
    "end": "2022-10-23T14:31:23.368Z",
    "duration": 4222,
    "testsRegistered": 1,
    "passPercent": 100,
    "pendingPercent": 0,
    "other": 0,
    "hasOther": false,
    "skipped": 0,
    "hasSkipped": false
  },
  "results": [
    {
      "uuid": "c07c535a-4635-41da-bc44-766a310fb996",
      "title": "",
      "fullFile": "cypress/integration/examples/commands_spec.js",
      "file": "cypress/integration/examples/commands_spec.js",
      "beforeHooks": [],
      "afterHooks": [],
      "tests": [],
      "suites": [
        {
          "uuid": "47b3c231-b706-4998-ab35-2a76aeeb2c92",
          "title": "My Test Suite",
          "fullFile": "",
          "file": "",
          "beforeHooks": [],
          "afterHooks": [],
          "tests": [
            {
              "title": "should login to the application using custom command",
              "fullTitle": "My Test Suite should login to the application using custom command",
              "timedOut": null,
              "duration": 2301,
              "state": "passed",
              "speed": "fast",
              "pass": true,
              "fail": false,
              "pending": false,
              "context": null,
              "code": "cy.visit('https://codenboxautomationlab.com/wp-login.php'); // invalid login\ncy.login('noName', '123456');\ncy.get('#login_error').should('contain', 'Error');",
              "err": {},
              "uuid": "6a85905c-83f2-439f-af26-b67b4bf46117",
              "parentUUID": "47b3c231-b706-4998-ab35-2a76aeeb2c92",
              "isHook": false,
              "skipped": false
            }
          ],
          "suites": [],
          "passes": [
            "6a85905c-83f2-439f-af26-b67b4bf46117"
          ],
          "failures": [],
          "pending": [],
          "skipped": [],
          "duration": 2301,
          "root": false,
          "rootEmpty": false,
          "_timeout": 2000
        }
      ],
      "passes": [],
      "failures": [],
      "pending": [],
      "skipped": [],
      "duration": 0,
      "root": true,
      "rootEmpty": true,
      "_timeout": 2000
    }
  ],
  "meta": {
    "mocha": {
      "version": "7.0.1"
    },
    "mochawesome": {
      "options": {
        "quiet": false,
        "reportFilename": "mochawesome",
        "saveHtml": false,
        "saveJson": true,
        "consoleReporter": "spec",
        "useInlineDiffs": false,
        "code": true
      },
      "version": "7.1.3"
    },
    "marge": {
      "options": {
        "overwrite": false,
        "html": false,
        "json": true,
        "reportDir": "cypress\\reports\\html\\.jsons"
      },
      "version": "6.2.0"
    }
  }
}