{
  "stats": {
    "suites": 1,
    "tests": 2,
    "passes": 2,
    "pending": 0,
    "failures": 0,
    "start": "2022-10-23T14:31:29.039Z",
    "end": "2022-10-23T14:31:53.082Z",
    "duration": 24043,
    "testsRegistered": 2,
    "passPercent": 100,
    "pendingPercent": 0,
    "other": 0,
    "hasOther": false,
    "skipped": 0,
    "hasSkipped": false
  },
  "results": [
    {
      "uuid": "d3aad36e-5e24-4a72-9309-09c808bdbe1a",
      "title": "",
      "fullFile": "cypress/integration/examples/condenboxTest.js",
      "file": "cypress/integration/examples/condenboxTest.js",
      "beforeHooks": [],
      "afterHooks": [],
      "tests": [],
      "suites": [
        {
          "uuid": "6068e03f-e862-419f-b2e8-1ff7fb475b60",
          "title": "My Test Suite",
          "fullFile": "",
          "file": "",
          "beforeHooks": [],
          "afterHooks": [],
          "tests": [
            {
              "title": "should perform actions on the practice page",
              "fullTitle": "My Test Suite should perform actions on the practice page",
              "timedOut": null,
              "duration": 8586,
              "state": "passed",
              "speed": "medium",
              "pass": true,
              "fail": false,
              "pending": false,
              "context": null,
              "code": "_PracticePage.default.getTitle();\n_PracticePage.default.getDropDownOption();\n_PracticePage.default.searchCountry();\n_PracticePage.default.clickOnRegistrationForm();",
              "err": {},
              "uuid": "b5aadc36-790c-4feb-944f-7d42453e486c",
              "parentUUID": "6068e03f-e862-419f-b2e8-1ff7fb475b60",
              "isHook": false,
              "skipped": false
            },
            {
              "title": "should perform actions on the registration form",
              "fullTitle": "My Test Suite should perform actions on the registration form",
              "timedOut": null,
              "duration": 13704,
              "state": "passed",
              "speed": "slow",
              "pass": true,
              "fail": false,
              "pending": false,
              "context": null,
              "code": "_RegistrationPage.default.getFirstName('Francis');\n_RegistrationPage.default.getLastName('Drake');\n_RegistrationPage.default.getEmail('francis@test.com');\n_RegistrationPage.default.selectDropdDown();\n_RegistrationPage.default.selectCheckbox();\n_RegistrationPage.default.submitFormBtn();",
              "err": {},
              "uuid": "967da20d-6866-4ad1-af34-5aa630d38ba7",
              "parentUUID": "6068e03f-e862-419f-b2e8-1ff7fb475b60",
              "isHook": false,
              "skipped": false
            }
          ],
          "suites": [],
          "passes": [
            "b5aadc36-790c-4feb-944f-7d42453e486c",
            "967da20d-6866-4ad1-af34-5aa630d38ba7"
          ],
          "failures": [],
          "pending": [],
          "skipped": [],
          "duration": 22290,
          "root": false,
          "rootEmpty": false,
          "_timeout": 2000
        }
      ],
      "passes": [],
      "failures": [],
      "pending": [],
      "skipped": [],
      "duration": 0,
      "root": true,
      "rootEmpty": true,
      "_timeout": 2000
    }
  ],
  "meta": {
    "mocha": {
      "version": "7.0.1"
    },
    "mochawesome": {
      "options": {
        "quiet": false,
        "reportFilename": "mochawesome",
        "saveHtml": false,
        "saveJson": true,
        "consoleReporter": "spec",
        "useInlineDiffs": false,
        "code": true
      },
      "version": "7.1.3"
    },
    "marge": {
      "options": {
        "overwrite": false,
        "html": false,
        "json": true,
        "reportDir": "cypress\\reports\\html\\.jsons"
      },
      "version": "6.2.0"
    }
  }
}