{
  "stats": {
    "suites": 1,
    "tests": 3,
    "passes": 3,
    "pending": 0,
    "failures": 0,
    "start": "2022-10-21T22:05:34.454Z",
    "end": "2022-10-21T22:05:40.275Z",
    "duration": 5821,
    "testsRegistered": 3,
    "passPercent": 100,
    "pendingPercent": 0,
    "other": 0,
    "hasOther": false,
    "skipped": 0,
    "hasSkipped": false
  },
  "results": [
    {
      "uuid": "498a4f38-6f0a-4a35-a4dd-5841b81cb7d9",
      "title": "",
      "fullFile": "cypress\\integration\\alias.js",
      "file": "cypress\\integration\\alias.js",
      "beforeHooks": [],
      "afterHooks": [],
      "tests": [],
      "suites": [
        {
          "uuid": "4fe7e822-6d6e-4f57-bbc8-c295a4a5fe98",
          "title": "My Test Suite",
          "fullFile": "",
          "file": "",
          "beforeHooks": [],
          "afterHooks": [],
          "tests": [
            {
              "title": "Visits Codenbox automation site",
              "fullTitle": "My Test Suite Visits Codenbox automation site",
              "timedOut": null,
              "duration": 3407,
              "state": "passed",
              "speed": "slow",
              "pass": true,
              "fail": false,
              "pending": false,
              "context": null,
              "code": "cy.visit('https://codenboxautomationlab.com/wp-login.php');\ncy.wait(3000);",
              "err": {},
              "uuid": "1a1f0741-0746-4257-aed0-d94581a09d67",
              "parentUUID": "4fe7e822-6d6e-4f57-bbc8-c295a4a5fe98",
              "isHook": false,
              "skipped": false
            },
            {
              "title": "should fill invalid username",
              "fullTitle": "My Test Suite should fill invalid username",
              "timedOut": null,
              "duration": 532,
              "state": "passed",
              "speed": "slow",
              "pass": true,
              "fail": false,
              "pending": false,
              "context": null,
              "code": "cy.get('#user_login').as('username');\ncy.get('@username').clear();\ncy.get('@username').type('NoName', {\n  delay: 50\n});",
              "err": {},
              "uuid": "22a76c96-2398-471d-9e1d-ee63f81dae7d",
              "parentUUID": "4fe7e822-6d6e-4f57-bbc8-c295a4a5fe98",
              "isHook": false,
              "skipped": false
            },
            {
              "title": "should fill invalid password",
              "fullTitle": "My Test Suite should fill invalid password",
              "timedOut": null,
              "duration": 670,
              "state": "passed",
              "speed": "slow",
              "pass": true,
              "fail": false,
              "pending": false,
              "context": null,
              "code": "cy.get('#user_pass').as('password');\ncy.get('@password').clear();\ncy.get('@password').type('1234567', {\n  delay: 50\n});",
              "err": {},
              "uuid": "3e2bf7b3-a500-4541-a534-9d7360972623",
              "parentUUID": "4fe7e822-6d6e-4f57-bbc8-c295a4a5fe98",
              "isHook": false,
              "skipped": false
            }
          ],
          "suites": [],
          "passes": [
            "1a1f0741-0746-4257-aed0-d94581a09d67",
            "22a76c96-2398-471d-9e1d-ee63f81dae7d",
            "3e2bf7b3-a500-4541-a534-9d7360972623"
          ],
          "failures": [],
          "pending": [],
          "skipped": [],
          "duration": 4609,
          "root": false,
          "rootEmpty": false,
          "_timeout": 2000
        }
      ],
      "passes": [],
      "failures": [],
      "pending": [],
      "skipped": [],
      "duration": 0,
      "root": true,
      "rootEmpty": true,
      "_timeout": 2000
    }
  ],
  "meta": {
    "mocha": {
      "version": "7.0.1"
    },
    "mochawesome": {
      "options": {
        "quiet": false,
        "reportFilename": "mochawesome",
        "saveHtml": true,
        "saveJson": true,
        "consoleReporter": "spec",
        "useInlineDiffs": false,
        "code": true
      },
      "version": "7.1.3"
    },
    "marge": {
      "options": null,
      "version": "6.2.0"
    }
  }
}