{
  "stats": {
    "suites": 1,
    "tests": 2,
    "passes": 2,
    "pending": 0,
    "failures": 0,
    "start": "2022-10-23T14:03:11.918Z",
    "end": "2022-10-23T14:03:38.001Z",
    "duration": 26083,
    "testsRegistered": 2,
    "passPercent": 100,
    "pendingPercent": 0,
    "other": 0,
    "hasOther": false,
    "skipped": 0,
    "hasSkipped": false
  },
  "results": [
    {
      "uuid": "c0f96deb-da22-47fb-8e49-e137f9fc851a",
      "title": "",
      "fullFile": "cypress/integration/examples/condenboxTest.js",
      "file": "cypress/integration/examples/condenboxTest.js",
      "beforeHooks": [],
      "afterHooks": [],
      "tests": [],
      "suites": [
        {
          "uuid": "874b3fd4-b4d4-49d2-be31-adc79b01d0e9",
          "title": "My Test Suite",
          "fullFile": "",
          "file": "",
          "beforeHooks": [],
          "afterHooks": [],
          "tests": [
            {
              "title": "should perform actions on the practice page",
              "fullTitle": "My Test Suite should perform actions on the practice page",
              "timedOut": null,
              "duration": 11099,
              "state": "passed",
              "speed": "slow",
              "pass": true,
              "fail": false,
              "pending": false,
              "context": null,
              "code": "_PracticePage.default.getTitle();\n_PracticePage.default.getDropDownOption();\n_PracticePage.default.searchCountry();\n_PracticePage.default.clickOnRegistrationForm();",
              "err": {},
              "uuid": "5539d6a4-414c-4434-8c18-e4a34387c80a",
              "parentUUID": "874b3fd4-b4d4-49d2-be31-adc79b01d0e9",
              "isHook": false,
              "skipped": false
            },
            {
              "title": "should perform actions on the registration form",
              "fullTitle": "My Test Suite should perform actions on the registration form",
              "timedOut": null,
              "duration": 12687,
              "state": "passed",
              "speed": "slow",
              "pass": true,
              "fail": false,
              "pending": false,
              "context": null,
              "code": "_RegistrationPage.default.getFirstName('Francis');\n_RegistrationPage.default.getLastName('Drake');\n_RegistrationPage.default.getEmail('francis@test.com');\n_RegistrationPage.default.selectDropdDown();\n_RegistrationPage.default.selectCheckbox();\n_RegistrationPage.default.submitFormBtn();",
              "err": {},
              "uuid": "ad900cd8-603f-4a16-865a-3b246014a507",
              "parentUUID": "874b3fd4-b4d4-49d2-be31-adc79b01d0e9",
              "isHook": false,
              "skipped": false
            }
          ],
          "suites": [],
          "passes": [
            "5539d6a4-414c-4434-8c18-e4a34387c80a",
            "ad900cd8-603f-4a16-865a-3b246014a507"
          ],
          "failures": [],
          "pending": [],
          "skipped": [],
          "duration": 23786,
          "root": false,
          "rootEmpty": false,
          "_timeout": 2000
        }
      ],
      "passes": [],
      "failures": [],
      "pending": [],
      "skipped": [],
      "duration": 0,
      "root": true,
      "rootEmpty": true,
      "_timeout": 2000
    }
  ],
  "meta": {
    "mocha": {
      "version": "7.0.1"
    },
    "mochawesome": {
      "options": {
        "quiet": false,
        "reportFilename": "mochawesome",
        "saveHtml": true,
        "saveJson": true,
        "consoleReporter": "spec",
        "useInlineDiffs": false,
        "code": true
      },
      "version": "7.1.3"
    },
    "marge": {
      "options": null,
      "version": "6.2.0"
    }
  }
}